============================= test session starts =============================
platform win32 -- Python 3.13.7, pytest-8.4.2, pluggy-1.6.0 -- C:\Users\rahme\AppData\Local\Programs\Python\Python313\python.exe
cachedir: .pytest_cache
rootdir: C:\Users\rahme\IdeaProjects\YouTube Transcript Agent
configfile: pyproject.toml
plugins: anyio-4.11.0, Faker-38.2.0, langsmith-0.4.45, asyncio-1.3.0, cov-7.0.0, mock-3.15.1
asyncio: mode=Mode.AUTO, debug=False, asyncio_default_fixture_loop_scope=None, asyncio_default_test_loop_scope=function
collecting ... collected 44 items

tests/pdf/test_entity_resolution.py::TestEntityResolution::test_resolve_entity_by_era_single_match FAILED [  2%]

================================== FAILURES ===================================
________ TestEntityResolution.test_resolve_entity_by_era_single_match _________
tests\pdf\test_entity_resolution.py:45: in test_resolve_entity_by_era_single_match
    assert result is not None
E   assert None is not None
---------------------------- Captured stdout call -----------------------------
2025-11-25 19:04:22 [info     ] llm_client_initialized         model=gpt-5.1
2025-11-25 19:04:22 [info     ] agent_initialized              agent=ProfilerAgent model=gpt-5.1
2025-11-25 19:04:22 [info     ] resolving_entity_by_era        agent=ProfilerAgent name=Rhaenyra story_time=None
2025-11-25 19:04:22 [info     ] no_entity_match                agent=ProfilerAgent name=Rhaenyra
============================== warnings summary ===============================
..\..\AppData\Local\Programs\Python\Python313\Lib\site-packages\PyPDF2\__init__.py:21
  C:\Users\rahme\AppData\Local\Programs\Python\Python313\Lib\site-packages\PyPDF2\__init__.py:21: DeprecationWarning: PyPDF2 is deprecated. Please move to the pypdf library instead.
    warnings.warn(

src\writeros\config.py:4
  C:\Users\rahme\IdeaProjects\YouTube Transcript Agent\src\writeros\config.py:4: PydanticDeprecatedSince20: Support for class-based `config` is deprecated, use ConfigDict instead. Deprecated in Pydantic V2.0 to be removed in V3.0. See Pydantic V2 Migration Guide at https://errors.pydantic.dev/2.12/migration/
    class Settings(BaseSettings):

tests/pdf/test_entity_resolution.py::TestEntityResolution::test_resolve_entity_by_era_single_match
tests/pdf/test_entity_resolution.py::TestEntityResolution::test_resolve_entity_by_era_single_match
  C:\Users\rahme\AppData\Local\Programs\Python\Python313\Lib\site-packages\pydantic\fields.py:747: DeprecationWarning: datetime.datetime.utcnow() is deprecated and scheduled for removal in a future version. Use timezone-aware objects to represent datetimes in UTC: datetime.datetime.now(datetime.UTC).
    return fac()

-- Docs: https://docs.pytest.org/en/stable/how-to/capture-warnings.html
=========================== short test summary info ===========================
FAILED tests/pdf/test_entity_resolution.py::TestEntityResolution::test_resolve_entity_by_era_single_match - assert None is not None
!!!!!!!!!!!!!!!!!!!!!!!!!! stopping after 1 failures !!!!!!!!!!!!!!!!!!!!!!!!!!
======================== 1 failed, 4 warnings in 2.94s ========================
