============================= test session starts =============================
platform win32 -- Python 3.13.7, pytest-8.4.2, pluggy-1.6.0 -- C:\Users\rahme\AppData\Local\Programs\Python\Python313\python.exe
cachedir: .pytest_cache
rootdir: C:\Users\rahme\IdeaProjects\YouTube Transcript Agent
configfile: pyproject.toml
plugins: anyio-4.11.0, Faker-38.2.0, langsmith-0.4.45, asyncio-1.3.0, cov-7.0.0, mock-3.15.1
asyncio: mode=Mode.AUTO, debug=False, asyncio_default_fixture_loop_scope=None, asyncio_default_test_loop_scope=function
collecting ... collected 2 items

tests/integration/test_conflict_integration.py::test_architect_conflict_integration FAILED [ 50%]
tests/integration/test_conflict_integration.py::test_dramatist_conflict_integration FAILED [100%]

================================== FAILURES ===================================
_____________________ test_architect_conflict_integration _____________________

db_session = <sqlmodel.orm.session.Session object at 0x00000198D568DA90>

    @pytest.mark.asyncio
    async def test_architect_conflict_integration(db_session):
        # 1. Setup Data
        vault_id = uuid4()
    
        conflict = Conflict(
            vault_id=vault_id,
            name="The Long War",
            conflict_type=ConflictType.PERSON_VS_SOCIETY,
            status=ConflictStatus.RISING_ACTION,
            stakes="Freedom",
            intensity=80
        )
        db_session.add(conflict)
        db_session.commit()
    
        # 2. Run Architect
        architect = ArchitectAgent()
        tasks = await architect.generate_plot_tasks(vault_id)
    
        # 3. Verify
>       assert len(tasks) > 0
E       assert 0 > 0
E        +  where 0 = len([])

tests\integration\test_conflict_integration.py:32: AssertionError
---------------------------- Captured stdout call -----------------------------
2025-11-25 16:49:16 [info     ] llm_client_initialized         model=gpt-5.1
2025-11-25 16:49:16 [info     ] agent_initialized              agent=ArchitectAgent model=gpt-5.1
2025-11-25 16:49:16 [info     ] generating_plot_tasks          agent=ArchitectAgent vault_id=05039331-68f4-4e0d-a568-7f60c914ce6c
_____________________ test_dramatist_conflict_integration _____________________

db_session = <sqlmodel.orm.session.Session object at 0x00000198D6214CD0>

    @pytest.mark.asyncio
    async def test_dramatist_conflict_integration(db_session):
        # 1. Setup Data
        vault_id = uuid4()
    
        hero = Entity(vault_id=vault_id, name="Hero", type=EntityType.CHARACTER)
        db_session.add(hero)
        db_session.commit()
    
        conflict = Conflict(
            vault_id=vault_id,
            name="Nemesis Duel",
            conflict_type=ConflictType.PERSON_VS_PERSON,
            status=ConflictStatus.CLIMAX,
            stakes="Life or Death",
            intensity=95
        )
        db_session.add(conflict)
        db_session.commit()
    
        participant = ConflictParticipant(
            conflict_id=conflict.id,
            entity_id=hero.id,
            role=ConflictRole.PROTAGONIST
        )
        db_session.add(participant)
        db_session.commit()
    
        # 2. Run Dramatist
        dramatist = DramatistAgent()
        instructions = await dramatist.generate_scene_instructions(vault_id, [str(hero.id)])
    
        # 3. Verify
>       assert len(instructions) > 0
E       assert 0 > 0
E        +  where 0 = len([])

tests\integration\test_conflict_integration.py:68: AssertionError
---------------------------- Captured stdout call -----------------------------
2025-11-25 16:49:17 [info     ] llm_client_initialized         model=gpt-5.1
2025-11-25 16:49:17 [info     ] agent_initialized              agent=DramatistAgent model=gpt-5.1
2025-11-25 16:49:17 [info     ] dramatist_initialized          agent=DramatistAgent
2025-11-25 16:49:17 [info     ] generating_scene_instructions  agent=DramatistAgent characters=['77db7665-3898-4b94-befd-0611b4efde4c'] vault_id=2f14fc34-0c55-480f-a76f-3c442917b8df
============================== warnings summary ===============================
src\writeros\config.py:4
  C:\Users\rahme\IdeaProjects\YouTube Transcript Agent\src\writeros\config.py:4: PydanticDeprecatedSince20: Support for class-based `config` is deprecated, use ConfigDict instead. Deprecated in Pydantic V2.0 to be removed in V3.0. See Pydantic V2 Migration Guide at https://errors.pydantic.dev/2.12/migration/
    class Settings(BaseSettings):

tests/integration/test_conflict_integration.py::test_architect_conflict_integration
tests/integration/test_conflict_integration.py::test_architect_conflict_integration
tests/integration/test_conflict_integration.py::test_dramatist_conflict_integration
tests/integration/test_conflict_integration.py::test_dramatist_conflict_integration
tests/integration/test_conflict_integration.py::test_dramatist_conflict_integration
tests/integration/test_conflict_integration.py::test_dramatist_conflict_integration
  C:\Users\rahme\AppData\Local\Programs\Python\Python313\Lib\site-packages\pydantic\fields.py:747: DeprecationWarning: datetime.datetime.utcnow() is deprecated and scheduled for removal in a future version. Use timezone-aware objects to represent datetimes in UTC: datetime.datetime.now(datetime.UTC).
    return fac()

-- Docs: https://docs.pytest.org/en/stable/how-to/capture-warnings.html
=============================== tests coverage ================================
_______________ coverage: platform win32, python 3.13.7-final-0 _______________

Name                                                     Stmts   Miss  Cover   Missing
--------------------------------------------------------------------------------------
src\writeros\__init__.py                                     1      0   100%
src\writeros\agents\__init__.py                             22     10    55%   14-23
src\writeros\agents\architect.py                           136    109    20%   22-27, 36-158, 173-210, 220-251, 261-281, 287-305, 320-325
src\writeros\agents\base.py                                 19      2    89%   28-29
src\writeros\agents\chronologist.py                         22      6    73%   25-26, 30-57
src\writeros\agents\dramatist.py                           150    118    21%   38-53, 64-87, 91-114, 118-141, 154-191, 204-248, 252-268, 272-289, 312-315
src\writeros\agents\mechanic.py                             31      6    81%   39-40, 43-68
src\writeros\agents\navigator.py                            26      6    77%   34-35, 38-59
src\writeros\agents\orchestrator.py                        118    118     0%   6-315
src\writeros\agents\producer.py                            203    170    16%   19-27, 30-32, 36-45, 53-63, 67-85, 89-97, 101-110, 114-121, 129-159, 163-199, 207-219, 223-243, 247-264, 272-279, 283-291, 295-305, 313-331, 339-382
src\writeros\agents\profiler.py                            207    160    23%   54-55, 58-80, 106-274, 285-303, 330-461, 475, 481-529, 541-580
src\writeros\agents\psychologist.py                         40     16    60%   38-39, 42-66, 73-92
src\writeros\agents\stylist.py                              14      7    50%   8, 12-13, 16-49
src\writeros\agents\theorist.py                             34      6    82%   37-39, 42-65
src\writeros\agents\tools.py                                31     31     0%   5-76
src\writeros\agents\tools_registry.py                      129    129     0%   7-660
src\writeros\api\__init__.py                                 0      0   100%
src\writeros\api\app.py                                    242    242     0%   13-658
src\writeros\cli\__init__.py                                 0      0   100%
src\writeros\cli\main.py                                    41     41     0%   1-83
src\writeros\config.py                                      16      2    88%   26, 33
src\writeros\core\__init__.py                                0      0   100%
src\writeros\core\logging.py                                13      6    54%   14-42
src\writeros\graphs\__init__.py                              0      0   100%
src\writeros\preprocessing\__init__.py                       4      4     0%   7-23
src\writeros\preprocessing\chunker.py                       78     78     0%   5-143
src\writeros\preprocessing\cluster_semantic_chunker.py     155    155     0%   10-406
src\writeros\preprocessing\unified_chunker.py              160    160     0%   14-405
src\writeros\rag\__init__.py                                 2      2     0%   1-3
src\writeros\rag\retriever.py                              124    124     0%   6-298
src\writeros\schema\__init__.py                             18      0   100%
src\writeros\schema\api.py                                  22      0   100%
src\writeros\schema\base.py                                 12      0   100%
src\writeros\schema\enums.py                               132      0   100%
src\writeros\schema\extended_universe.py                    90      0   100%
src\writeros\schema\graph.py                                16      0   100%
src\writeros\schema\identity.py                             41      0   100%
src\writeros\schema\library.py                              74      9    88%   51-61, 127
src\writeros\schema\logistics.py                            17      0   100%
src\writeros\schema\mechanics.py                            20      0   100%
src\writeros\schema\narrative.py                            19      0   100%
src\writeros\schema\project.py                              13      0   100%
src\writeros\schema\prose.py                                14      0   100%
src\writeros\schema\psychology.py                           37      0   100%
src\writeros\schema\session.py                              27      0   100%
src\writeros\schema\temporal_anchoring.py                   54      0   100%
src\writeros\schema\theme.py                                16      0   100%
src\writeros\schema\world.py                                80      0   100%
src\writeros\services\__init__.py                            0      0   100%
src\writeros\services\conflict_engine.py                    31     12    61%   35, 48-64
src\writeros\tasks\__init__.py                               0      0   100%
src\writeros\utils\db.py                                   143    121    15%   17-23, 70-148, 162-241, 251-252, 262-284, 291-302, 310-325, 336-346
src\writeros\utils\embeddings.py                            41     18    56%   22-29, 32-42, 46, 50, 54, 65, 75
src\writeros\utils\llm_client.py                            54     39    28%   56-99, 122-135, 152-156, 169
--------------------------------------------------------------------------------------
TOTAL                                                     2989   1907    36%
Coverage HTML written to dir htmlcov
=========================== short test summary info ===========================
FAILED tests/integration/test_conflict_integration.py::test_architect_conflict_integration
FAILED tests/integration/test_conflict_integration.py::test_dramatist_conflict_integration
======================== 2 failed, 7 warnings in 4.50s ========================
