============================= test session starts =============================
platform win32 -- Python 3.13.7, pytest-8.4.2, pluggy-1.6.0 -- C:\Users\rahme\AppData\Local\Programs\Python\Python313\python.exe
cachedir: .pytest_cache
rootdir: C:\Users\rahme\IdeaProjects\YouTube Transcript Agent
configfile: pyproject.toml
plugins: anyio-4.11.0, Faker-38.2.0, langsmith-0.4.45, asyncio-1.3.0, cov-7.0.0, mock-3.15.1
asyncio: mode=Mode.AUTO, debug=False, asyncio_default_fixture_loop_scope=None, asyncio_default_test_loop_scope=function
collecting ... collected 228 items

tests/agents/test_profiler_agent.py::TestProfilerAgent::test_entity_extraction PASSED [  0%]
tests/agents/test_profiler_agent.py::TestProfilerAgent::test_find_similar_entities PASSED [  0%]
tests/agents/test_profiler_agent.py::TestProfilerAgent::test_generate_graph_data PASSED [  1%]
tests/agents/test_profiler_agent.py::TestProfilerAgent::test_build_family_tree_simple PASSED [  1%]
tests/agents/test_profiler_agent.py::TestProfilerAgent::test_build_family_tree_multi_generation PASSED [  2%]
tests/agents/test_profiler_agent.py::TestProfilerAgent::test_build_family_tree_with_siblings PASSED [  2%]
tests/agents/test_profiler_agent.py::TestProfilerAgent::test_build_family_tree_with_child_relationship PASSED [  3%]
tests/agents/test_profiler_agent.py::TestProfilerAgent::test_build_family_tree_empty PASSED [  3%]
tests/agents/test_profiler_agent.py::TestProfilerAgent::test_build_family_tree_nonexistent_entity PASSED [  3%]
tests/agents/test_profiler_agent.py::TestProfilerAgentHelpers::test_format_nodes PASSED [  4%]
tests/agents/test_profiler_agent.py::TestProfilerAgentHelpers::test_format_links PASSED [  4%]
tests/api/test_legacy_compatibility.py::TestHealthEndpoint::test_health_check_returns_ok PASSED [  5%]
tests/api/test_legacy_compatibility.py::TestHealthEndpoint::test_health_check_includes_version PASSED [  5%]
tests/api/test_legacy_compatibility.py::TestHealthEndpoint::test_health_check_includes_mode PASSED [  6%]
tests/api/test_legacy_compatibility.py::TestAnalyzeEndpoint::test_analyze_accepts_plugin_format FAILED [  6%]
tests/api/test_legacy_compatibility.py::TestAnalyzeEndpoint::test_analyze_rejects_invalid_vault_id PASSED [  7%]
tests/api/test_legacy_compatibility.py::TestAnalyzeEndpoint::test_analyze_returns_404_for_nonexistent_vault FAILED [  7%]
tests/api/test_legacy_compatibility.py::TestAnalyzeEndpoint::test_analyze_triggers_background_task ERROR [  7%]
tests/api/test_legacy_compatibility.py::TestChatStreamEndpoint::test_chat_stream_accepts_plugin_format PASSED [  8%]
tests/api/test_legacy_compatibility.py::TestChatStreamEndpoint::test_chat_stream_returns_sse_format PASSED [  8%]
tests/api/test_legacy_compatibility.py::TestChatStreamEndpoint::test_chat_stream_formats_chunks_as_json PASSED [  9%]
tests/api/test_legacy_compatibility.py::TestChatStreamEndpoint::test_chat_stream_sends_done_marker PASSED [  9%]
tests/api/test_legacy_compatibility.py::TestChatStreamEndpoint::test_chat_stream_handles_errors_gracefully PASSED [ 10%]
tests/api/test_legacy_compatibility.py::TestChatStreamEndpoint::test_chat_stream_rejects_invalid_vault_id FAILED [ 10%]
tests/api/test_legacy_compatibility.py::TestPluginIntegration::test_plugin_startup_sequence PASSED [ 10%]
tests/api/test_legacy_compatibility.py::TestPluginIntegration::test_plugin_can_discover_endpoints PASSED [ 11%]
tests/integration/test_conflict_integration.py::test_architect_conflict_integration PASSED [ 11%]
tests/integration/test_conflict_integration.py::test_dramatist_conflict_integration PASSED [ 12%]
tests/integration/test_obsidian_plugin_e2e.py::TestObsidianPluginStartup::test_server_can_start PASSED [ 12%]
tests/integration/test_obsidian_plugin_e2e.py::TestObsidianPluginStartup::test_init_db_creates_default_entities PASSED [ 13%]
tests/integration/test_obsidian_plugin_e2e.py::TestObsidianPluginHealthCheck::test_health_check_responds PASSED [ 13%]
tests/integration/test_obsidian_plugin_e2e.py::TestObsidianPluginHealthCheck::test_plugin_can_detect_server_running PASSED [ 14%]
tests/integration/test_obsidian_plugin_e2e.py::TestObsidianPluginVaultAnalysis::test_analyze_endpoint_accepts_vault PASSED [ 14%]
tests/integration/test_obsidian_plugin_e2e.py::TestObsidianPluginVaultAnalysis::test_full_vault_indexing_flow PASSED [ 14%]
tests/integration/test_obsidian_plugin_e2e.py::TestObsidianPluginChat::test_chat_stream_endpoint PASSED [ 15%]
tests/integration/test_obsidian_plugin_e2e.py::TestObsidianPluginChat::test_chat_returns_sse_format PASSED [ 15%]
tests/integration/test_obsidian_plugin_e2e.py::TestObsidianPluginGraphGeneration::test_graph_script_can_execute PASSED [ 16%]
tests/integration/test_obsidian_plugin_e2e.py::TestObsidianPluginGraphGeneration::test_graph_generation_outputs_path PASSED [ 16%]
tests/integration/test_obsidian_plugin_e2e.py::TestObsidianPluginCompleteWorkflow::test_complete_plugin_workflow_sequence PASSED [ 17%]
tests/integration/test_obsidian_plugin_e2e.py::TestObsidianPluginCompleteWorkflow::test_plugin_error_recovery PASSED [ 17%]
tests/integration/test_obsidian_plugin_e2e.py::TestObsidianPluginDataPersistence::test_vault_id_persists_to_filesystem PASSED [ 17%]
tests/integration/test_obsidian_plugin_e2e.py::TestObsidianPluginDataPersistence::test_indexed_data_persists PASSED [ 18%]
tests/integration/test_obsidian_plugin_e2e.py::TestObsidianPluginPerformance::test_health_check_is_fast PASSED [ 18%]
tests/integration/test_obsidian_plugin_e2e.py::TestObsidianPluginPerformance::test_indexing_provides_progress_feedback PASSED [ 19%]
tests/integration/test_rag_pipeline_e2e.py::TestRAGPipelineE2E::test_full_ingestion_pipeline PASSED [ 19%]
tests/integration/test_rag_pipeline_e2e.py::TestRAGPipelineE2E::test_full_retrieval_pipeline PASSED [ 20%]
tests/integration/test_rag_pipeline_e2e.py::TestRAGPipelineE2E::test_graphrag_query_with_multi_hop PASSED [ 20%]
tests/integration/test_rag_pipeline_e2e.py::TestRAGPipelinePerformance::test_large_document_chunking PASSED [ 21%]
tests/integration/test_rag_pipeline_e2e.py::TestRAGPipelinePerformance::test_vector_search_performance PASSED [ 21%]
tests/preprocessing/test_cluster_semantic_chunker.py::TestClusterSemanticChunkerUnit::test_initialization PASSED [ 21%]
tests/preprocessing/test_cluster_semantic_chunker.py::TestClusterSemanticChunkerUnit::test_split_into_base_segments_simple PASSED [ 22%]
tests/preprocessing/test_cluster_semantic_chunker.py::TestClusterSemanticChunkerUnit::test_split_into_base_segments_paragraphs PASSED [ 22%]
tests/preprocessing/test_cluster_semantic_chunker.py::TestClusterSemanticChunkerUnit::test_split_sentences PASSED [ 23%]
tests/preprocessing/test_cluster_semantic_chunker.py::TestClusterSemanticChunkerUnit::test_build_similarity_matrix PASSED [ 23%]
tests/preprocessing/test_cluster_semantic_chunker.py::TestClusterSemanticChunkerUnit::test_compute_chunk_reward PASSED [ 24%]
tests/preprocessing/test_cluster_semantic_chunker.py::TestClusterSemanticChunkerUnit::test_find_optimal_segmentation_simple PASSED [ 24%]
tests/preprocessing/test_cluster_semantic_chunker.py::TestClusterSemanticChunkerUnit::test_merge_segments PASSED [ 25%]
tests/preprocessing/test_cluster_semantic_chunker.py::TestClusterSemanticChunkerUnit::test_chunk_empty_text PASSED [ 25%]
tests/preprocessing/test_cluster_semantic_chunker.py::TestClusterSemanticChunkerUnit::test_chunk_single_segment PASSED [ 25%]
tests/preprocessing/test_cluster_semantic_chunker.py::TestClusterSemanticChunkerUnit::test_fallback_without_embedding_function PASSED [ 26%]
tests/preprocessing/test_cluster_semantic_chunker.py::TestClusterSemanticChunkerIntegration::test_chunk_with_topic_shifts PASSED [ 26%]
tests/preprocessing/test_cluster_semantic_chunker.py::TestClusterSemanticChunkerIntegration::test_chunk_coherent_text PASSED [ 27%]
tests/preprocessing/test_cluster_semantic_chunker.py::TestClusterSemanticChunkerIntegration::test_metadata_accuracy PASSED [ 27%]
tests/preprocessing/test_cluster_semantic_chunker.py::TestClusterSemanticChunkerEdgeCases::test_very_long_text PASSED [ 28%]
tests/preprocessing/test_cluster_semantic_chunker.py::TestClusterSemanticChunkerEdgeCases::test_unicode_text PASSED [ 28%]
tests/preprocessing/test_cluster_semantic_chunker.py::TestClusterSemanticChunkerEdgeCases::test_text_with_special_characters PASSED [ 28%]
tests/preprocessing/test_cluster_semantic_chunker.py::TestClusterSemanticChunkerEdgeCases::test_chunk_size_boundaries PASSED [ 29%]
tests/preprocessing/test_cluster_semantic_chunker.py::TestClusterSemanticChunkerPerformance::test_performance_medium_text PASSED [ 29%]
tests/preprocessing/test_cluster_semantic_chunker.py::TestClusterSemanticChunkerPerformance::test_similarity_matrix_efficiency PASSED [ 30%]
tests/preprocessing/test_cluster_semantic_chunker.py::TestClusterSemanticChunkerPerformance::test_performance_large_text PASSED [ 30%]
tests/preprocessing/test_cluster_semantic_chunker.py::TestClusterSemanticChunkerComparison::test_vs_fixed_size_chunking PASSED [ 31%]
tests/preprocessing/test_cluster_semantic_chunker.py::TestClusterSemanticChunkerRealEmbeddings::test_chunk_real_document PASSED [ 31%]
tests/preprocessing/test_semantic_chunker.py::TestSemanticChunker::test_split_into_segments_basic PASSED [ 32%]
tests/preprocessing/test_semantic_chunker.py::TestSemanticChunker::test_split_into_segments_empty_text PASSED [ 32%]
tests/preprocessing/test_semantic_chunker.py::TestSemanticChunker::test_split_into_segments_single_sentence PASSED [ 32%]
tests/preprocessing/test_semantic_chunker.py::TestSemanticChunker::test_empty_text PASSED [ 33%]
tests/preprocessing/test_semantic_chunker.py::TestSemanticChunker::test_single_sentence_text PASSED [ 33%]
tests/preprocessing/test_semantic_chunker.py::TestSemanticChunker::test_basic_chunking PASSED [ 34%]
tests/preprocessing/test_semantic_chunker.py::TestSemanticChunker::test_coherence_score_present PASSED [ 34%]
tests/preprocessing/test_semantic_chunker.py::TestSemanticChunker::test_coherence_score_varied_similarity FAILED [ 35%]
tests/preprocessing/test_semantic_chunker.py::TestSemanticChunker::test_embedder_factory_receives_embedding_model PASSED [ 35%]
tests/preprocessing/test_unified_chunker.py::TestEmbeddingCache::test_cache_basic_operations PASSED [ 35%]
tests/preprocessing/test_unified_chunker.py::TestEmbeddingCache::test_cache_miss PASSED [ 36%]
tests/preprocessing/test_unified_chunker.py::TestEmbeddingCache::test_cache_lru_eviction PASSED [ 36%]
tests/preprocessing/test_unified_chunker.py::TestEmbeddingCache::test_cache_stats PASSED [ 37%]
tests/preprocessing/test_unified_chunker.py::TestEmbeddingCache::test_cache_clear PASSED [ 37%]
tests/preprocessing/test_unified_chunker.py::TestUnifiedChunkerStrategySelection::test_auto_select_cluster_for_small_docs PASSED [ 38%]
tests/preprocessing/test_unified_chunker.py::TestUnifiedChunkerStrategySelection::test_auto_select_greedy_for_medium_docs PASSED [ 38%]
tests/preprocessing/test_unified_chunker.py::TestUnifiedChunkerStrategySelection::test_auto_select_fixed_for_large_docs PASSED [ 39%]
tests/preprocessing/test_unified_chunker.py::TestUnifiedChunkerStrategySelection::test_explicit_strategy_overrides_auto PASSED [ 39%]
tests/preprocessing/test_unified_chunker.py::TestUnifiedChunkerCaching::test_cache_reduces_embedding_calls PASSED [ 39%]
tests/preprocessing/test_unified_chunker.py::TestUnifiedChunkerCaching::test_cache_disabled PASSED [ 40%]
tests/preprocessing/test_unified_chunker.py::TestUnifiedChunkerCaching::test_get_stats_includes_cache_info PASSED [ 40%]
tests/preprocessing/test_unified_chunker.py::TestUnifiedChunkerCaching::test_clear_cache PASSED [ 41%]
tests/preprocessing/test_unified_chunker.py::TestUnifiedChunkerStrategyComparison::test_cluster_semantic_strategy PASSED [ 41%]
tests/preprocessing/test_unified_chunker.py::TestUnifiedChunkerStrategyComparison::test_greedy_semantic_strategy PASSED [ 42%]
tests/preprocessing/test_unified_chunker.py::TestUnifiedChunkerStrategyComparison::test_fixed_size_strategy PASSED [ 42%]
tests/preprocessing/test_unified_chunker.py::TestUnifiedChunkerStrategyComparison::test_strategies_produce_different_results PASSED [ 42%]
tests/preprocessing/test_unified_chunker.py::TestUnifiedChunkerStatistics::test_stats_tracking PASSED [ 43%]
tests/preprocessing/test_unified_chunker.py::TestUnifiedChunkerStatistics::test_strategy_usage_tracking PASSED [ 43%]
tests/preprocessing/test_unified_chunker.py::TestChunkTextConvenience::test_chunk_text_with_defaults PASSED [ 44%]
tests/preprocessing/test_unified_chunker.py::TestChunkTextConvenience::test_chunk_text_with_explicit_strategy PASSED [ 44%]
tests/preprocessing/test_unified_chunker.py::TestChunkTextConvenience::test_chunk_text_with_custom_params PASSED [ 45%]
tests/preprocessing/test_unified_chunker.py::TestUnifiedChunkerEdgeCases::test_empty_text PASSED [ 45%]
tests/preprocessing/test_unified_chunker.py::TestUnifiedChunkerEdgeCases::test_very_short_text PASSED [ 46%]
tests/preprocessing/test_unified_chunker.py::TestUnifiedChunkerEdgeCases::test_unicode_text PASSED [ 46%]
tests/preprocessing/test_unified_chunker.py::TestUnifiedChunkerEdgeCases::test_no_embedding_function_with_semantic_strategy PASSED [ 46%]
tests/rag/test_graph_rag.py::TestGraphRAGTraversal::test_graph_traversal_basic PASSED [ 47%]
tests/rag/test_graph_rag.py::TestGraphRAGTraversal::test_relationship_filtering PASSED [ 47%]
tests/rag/test_graph_rag.py::TestGraphRAGTraversal::test_max_hops_limiting PASSED [ 48%]
tests/rag/test_graph_rag.py::TestGraphRAGTraversal::test_temporal_filtering PASSED [ 48%]
tests/rag/test_graph_rag.py::TestFamilyTreeConstruction::test_build_family_tree SKIPPED [ 49%]
tests/rag/test_graph_rag.py::TestCycleDetection::test_circular_relationship_traversal PASSED [ 49%]
tests/rag/test_vector_search.py::TestVectorSearch::test_cosine_similarity_search PASSED [ 50%]
tests/rag/test_vector_search.py::TestVectorSearch::test_l2_distance_search PASSED [ 50%]
tests/rag/test_vector_search.py::TestVectorSearch::test_filter_by_vault_id PASSED [ 50%]
tests/rag/test_vector_search.py::TestVectorSearch::test_result_ranking PASSED [ 51%]
tests/rag/test_vector_search.py::TestVectorSearch::test_empty_result_handling PASSED [ 51%]
tests/rag/test_vector_search.py::TestVectorSearch::test_limit_parameter PASSED [ 52%]
tests/rag/test_vector_search.py::TestDocumentVectorSearch::test_document_search PASSED [ 52%]
tests/rag/test_vector_search.py::TestFactVectorSearch::test_fact_search PASSED [ 53%]
tests/schema/test_conflict_model.py::test_create_conflict PASSED         [ 53%]
tests/services/test_embedding_service.py::TestEmbeddingService::test_singleton_pattern_same_model PASSED [ 53%]
tests/services/test_embedding_service.py::TestEmbeddingService::test_different_models_create_distinct_instances PASSED [ 54%]
tests/services/test_embedding_service.py::TestEmbeddingService::test_initialization_with_api_key PASSED [ 54%]
tests/services/test_embedding_service.py::TestEmbeddingService::test_initialization_with_custom_model PASSED [ 55%]
tests/services/test_embedding_service.py::TestEmbeddingService::test_initialization_without_api_key PASSED [ 55%]
tests/services/test_embedding_service.py::TestEmbeddingService::test_embed_query PASSED [ 56%]
tests/services/test_embedding_service.py::TestEmbeddingService::test_embed_documents PASSED [ 56%]
tests/services/test_embedding_service.py::TestEmbeddingService::test_embed_empty_string PASSED [ 57%]
tests/services/test_embedding_service.py::TestEmbeddingService::test_embed_documents_empty_list PASSED [ 57%]
tests/services/test_embedding_service.py::TestEmbeddingServiceIntegration::test_multiple_calls_use_same_instance PASSED [ 57%]
tests/test_graph_generation.py::TestGraphScriptExistence::test_generate_graph_exists PASSED [ 58%]
tests/test_graph_generation.py::TestGraphScriptExistence::test_generate_graph_is_python_script PASSED [ 58%]
tests/test_graph_generation.py::TestGraphScriptExistence::test_generate_graph_has_docstring PASSED [ 59%]
tests/test_graph_generation.py::TestGraphScriptArguments::test_script_requires_graph_type PASSED [ 59%]
tests/test_graph_generation.py::TestGraphScriptArguments::test_script_requires_vault_path PASSED [ 60%]
tests/test_graph_generation.py::TestGraphScriptArguments::test_script_accepts_valid_graph_types PASSED [ 60%]
tests/test_graph_generation.py::TestGraphScriptArguments::test_script_vault_id_is_optional PASSED [ 60%]
tests/test_graph_generation.py::TestGraphScriptExecution::test_script_imports_profiler_agent PASSED [ 61%]
tests/test_graph_generation.py::TestGraphScriptExecution::test_script_calls_generate_graph_data PASSED [ 61%]
tests/test_graph_generation.py::TestGraphScriptExecution::test_script_calls_generate_graph_html PASSED [ 62%]
tests/test_graph_generation.py::TestGraphScriptExecution::test_script_uses_async_main PASSED [ 62%]
tests/test_graph_generation.py::TestGraphScriptOutput::test_script_prints_output_path_to_stdout PASSED [ 63%]
tests/test_graph_generation.py::TestGraphScriptOutput::test_script_handles_errors_gracefully PASSED [ 63%]
tests/test_graph_generation.py::TestGraphScriptOutput::test_script_exits_with_error_code_on_failure PASSED [ 64%]
tests/test_graph_generation.py::TestGraphScriptWithDatabase::test_script_can_query_entities PASSED [ 64%]
tests/test_graph_generation.py::TestGraphScriptWithDatabase::test_script_generates_html_file ERROR [ 64%]
tests/test_graph_generation.py::TestGraphScriptDatabaseConnection::test_script_uses_get_or_create_vault_id PASSED [ 65%]
tests/test_graph_generation.py::TestGraphScriptDatabaseConnection::test_script_initializes_database_connection FAILED [ 65%]
tests/test_graph_generation.py::TestGraphScriptLogging::test_script_uses_logging PASSED [ 66%]
tests/test_graph_generation.py::TestGraphScriptLogging::test_script_logs_graph_stats PASSED [ 66%]
tests/test_graph_generation.py::TestGraphScriptCompatibility::test_script_outputs_absolute_path PASSED [ 67%]
tests/test_graph_generation.py::TestGraphScriptCompatibility::test_script_creates_writeros_directory PASSED [ 67%]
tests/test_graph_generation.py::TestGraphScriptCompatibility::test_script_passes_graph_type_to_agent PASSED [ 67%]
tests/test_server_launcher.py::TestServerLauncherConfiguration::test_server_py_exists PASSED [ 68%]
tests/test_server_launcher.py::TestServerLauncherConfiguration::test_server_py_is_executable PASSED [ 68%]
tests/test_server_launcher.py::TestServerLauncherConfiguration::test_server_sets_local_mode PASSED [ 69%]
tests/test_server_launcher.py::TestServerLauncherConfiguration::test_server_imports_uvicorn PASSED [ 69%]
tests/test_server_launcher.py::TestServerLauncherConfiguration::test_server_adds_src_to_path PASSED [ 70%]
tests/test_server_launcher.py::TestServerLauncherUvicornConfig::test_server_uses_correct_host PASSED [ 70%]
tests/test_server_launcher.py::TestServerLauncherUvicornConfig::test_server_uses_correct_port PASSED [ 71%]
tests/test_server_launcher.py::TestServerLauncherUvicornConfig::test_server_disables_reload PASSED [ 71%]
tests/test_server_launcher.py::TestServerLauncherUvicornConfig::test_server_targets_correct_app PASSED [ 71%]
tests/test_server_launcher.py::TestServerLauncherErrorHandling::test_server_handles_keyboard_interrupt PASSED [ 72%]
tests/test_server_launcher.py::TestServerLauncherErrorHandling::test_server_handles_general_exceptions PASSED [ 72%]
tests/test_server_launcher.py::TestServerLauncherErrorHandling::test_server_exits_with_correct_codes PASSED [ 73%]
tests/test_server_launcher.py::TestServerLauncherOutput::test_server_prints_startup_banner PASSED [ 73%]
tests/test_server_launcher.py::TestServerLauncherOutput::test_server_shows_mode_and_port PASSED [ 74%]
tests/test_server_launcher.py::TestServerLauncherIntegration::test_server_can_be_imported PASSED [ 74%]
tests/test_server_launcher.py::TestServerLauncherIntegration::test_server_help_output FAILED [ 75%]
tests/test_server_launcher.py::TestServerLauncherDocumentation::test_server_has_docstring PASSED [ 75%]
tests/test_server_launcher.py::TestServerLauncherDocumentation::test_server_has_comments PASSED [ 75%]
tests/test_server_launcher.py::TestServerLauncherDocumentation::test_server_explains_obsidian_purpose PASSED [ 76%]
tests/test_vault_config.py::test_get_or_create_vault_id_creates_config PASSED [ 76%]
tests/test_vault_config.py::test_get_or_create_vault_id_reads_existing PASSED [ 77%]
tests/test_vault_config.py::test_get_vault_config_missing_returns_empty PASSED [ 77%]
tests/test_vault_config.py::test_update_vault_config_preserves_existing_values PASSED [ 78%]
tests/test_vault_config.py::test_ensure_graph_directory_creates_structure PASSED [ 78%]
tests/test_vault_reader.py::test_refresh_index_collects_entities_and_rules PASSED [ 78%]
tests/test_vault_reader.py::test_get_relevant_context_matches_aliases PASSED [ 79%]
tests/test_vault_reader.py::test_get_relevant_context_without_matches_returns_default PASSED [ 79%]
tests/test_vault_reader.py::test_get_craft_context_handles_missing_rules PASSED [ 80%]
tests/test_vault_reader.py::test_get_global_context_includes_project_and_counts PASSED [ 80%]
tests/test_vault_reader.py::test_get_global_context_when_project_missing PASSED [ 81%]
tests/test_vault_reader.py::test_execute_structured_query_filters_by_type_and_value PASSED [ 81%]
tests/test_vault_reader.py::test_get_neighbors_returns_unique_links PASSED [ 82%]
tests/utils/test_indexer_integration.py::TestVaultIndexerBasic::test_indexer_initialization PASSED [ 82%]
tests/utils/test_indexer_integration.py::TestVaultIndexerBasic::test_doc_type_inference_character PASSED [ 82%]
tests/utils/test_indexer_integration.py::TestVaultIndexerBasic::test_doc_type_inference_location PASSED [ 83%]
tests/utils/test_indexer_integration.py::TestVaultIndexerBasic::test_doc_type_inference_craft_advice PASSED [ 83%]
tests/utils/test_indexer_integration.py::TestVaultIndexerBasic::test_doc_type_inference_manuscript PASSED [ 84%]
tests/utils/test_indexer_integration.py::TestVaultIndexerChunkingStrategies::test_cluster_semantic_strategy PASSED [ 84%]
tests/utils/test_indexer_integration.py::TestVaultIndexerChunkingStrategies::test_greedy_semantic_strategy PASSED [ 85%]
tests/utils/test_indexer_integration.py::TestVaultIndexerChunkingStrategies::test_fixed_size_strategy PASSED [ 85%]
tests/utils/test_indexer_integration.py::TestVaultIndexerChunkingStrategies::test_auto_strategy_selection PASSED [ 85%]
tests/utils/test_indexer_integration.py::TestVaultIndexerCaching::test_cache_improves_performance PASSED [ 86%]
tests/utils/test_indexer_integration.py::TestVaultIndexerCaching::test_cache_can_be_cleared PASSED [ 86%]
tests/utils/test_indexer_integration.py::TestVaultIndexerFullIndexing::test_index_vault_all_directories PASSED [ 87%]
tests/utils/test_indexer_integration.py::TestVaultIndexerFullIndexing::test_index_vault_specific_directories PASSED [ 87%]
tests/utils/test_indexer_integration.py::TestVaultIndexerFullIndexing::test_index_vault_handles_missing_directories PASSED [ 88%]
tests/utils/test_indexer_integration.py::TestVaultIndexerStatistics::test_statistics_after_indexing PASSED [ 88%]
tests/utils/test_indexer_integration.py::TestVaultIndexerStatistics::test_chunking_stats_in_results PASSED [ 89%]
tests/utils/test_indexer_integration.py::TestVaultIndexerErrorHandling::test_handles_unicode_decode_errors PASSED [ 89%]
tests/utils/test_indexer_integration.py::TestVaultIndexerErrorHandling::test_handles_empty_files PASSED [ 89%]
tests/utils/test_init_db.py::TestInitDbBasics::test_init_db_creates_tables PASSED [ 90%]
tests/utils/test_init_db.py::TestInitDbBasics::test_init_db_enables_pgvector PASSED [ 90%]
tests/utils/test_init_db.py::TestInitDbBasics::test_init_db_creates_vector_indexes PASSED [ 91%]
tests/utils/test_init_db.py::TestInitDbBasics::test_init_db_respects_mode_setting PASSED [ 91%]
tests/utils/test_init_db.py::TestEnsureDefaultUserAndVault::test_creates_admin_user_in_local_mode FAILED [ 92%]
tests/utils/test_init_db.py::TestEnsureDefaultUserAndVault::test_creates_default_vault_in_local_mode FAILED [ 92%]
tests/utils/test_init_db.py::TestEnsureDefaultUserAndVault::test_does_not_duplicate_admin_user FAILED [ 92%]
tests/utils/test_init_db.py::TestEnsureDefaultUserAndVault::test_vault_has_owner_link FAILED [ 93%]
tests/utils/test_init_db.py::TestUUIDPreservation::test_read_uuid_from_filesystem_when_exists PASSED [ 93%]
tests/utils/test_init_db.py::TestUUIDPreservation::test_read_uuid_from_filesystem_when_missing PASSED [ 94%]
tests/utils/test_init_db.py::TestUUIDPreservation::test_read_uuid_from_filesystem_with_invalid_format PASSED [ 94%]
tests/utils/test_init_db.py::TestUUIDPreservation::test_write_uuid_to_filesystem PASSED [ 95%]
tests/utils/test_init_db.py::TestUUIDPreservation::test_write_uuid_creates_directory PASSED [ 95%]
tests/utils/test_init_db.py::TestUUIDPreservation::test_ensure_default_vault_preserves_existing_uuid FAILED [ 96%]
tests/utils/test_init_db.py::TestGetDirectoryName::test_get_directory_name_from_path PASSED [ 96%]
tests/utils/test_init_db.py::TestGetDirectoryName::test_get_directory_name_handles_special_chars PASSED [ 96%]
tests/utils/test_init_db.py::TestGetDirectoryName::test_get_directory_name_fallback PASSED [ 97%]
tests/utils/test_init_db.py::TestGetOrCreateVaultId::test_get_or_create_vault_id_creates_new PASSED [ 97%]
tests/utils/test_init_db.py::TestGetOrCreateVaultId::test_get_or_create_vault_id_returns_existing PASSED [ 98%]
tests/utils/test_init_db.py::TestInitDbErrorHandling::test_init_db_retries_on_connection_failure PASSED [ 98%]
tests/utils/test_init_db.py::TestInitDbErrorHandling::test_init_db_logs_errors PASSED [ 99%]
tests/utils/test_init_db.py::TestInitDbIntegration::test_init_db_full_flow FAILED [ 99%]
tests/utils/test_init_db.py::TestInitDbIntegration::test_init_db_is_idempotent PASSED [100%]

=================================== ERRORS ====================================
_ ERROR at setup of TestAnalyzeEndpoint.test_analyze_triggers_background_task _

self = <sqlalchemy.engine.base.Connection object at 0x000001FCDD951190>
dialect = <sqlalchemy.dialects.postgresql.psycopg2.PGDialect_psycopg2 object at 0x000001FCDB589E50>
context = <sqlalchemy.dialects.postgresql.psycopg2.PGExecutionContext_psycopg2 object at 0x000001FCDD8AA950>
statement = <sqlalchemy.dialects.postgresql.base.PGCompiler object at 0x000001FCDD8025D0>
parameters = [{'auth_id': None, 'auth_provider': 'local', 'created_at': datetime.datetime(2025, 11, 25, 20, 41, 14, 417769), 'display_name': None, ...}]

    def _exec_single_context(
        self,
        dialect: Dialect,
        context: ExecutionContext,
        statement: Union[str, Compiled],
        parameters: Optional[_AnyMultiExecuteParams],
    ) -> CursorResult[Any]:
        """continue the _execute_context() method for a single DBAPI
        cursor.execute() or cursor.executemany() call.
    
        """
        if dialect.bind_typing is BindTyping.SETINPUTSIZES:
            generic_setinputsizes = context._prepare_set_input_sizes()
    
            if generic_setinputsizes:
                try:
                    dialect.do_set_input_sizes(
                        context.cursor, generic_setinputsizes, context
                    )
                except BaseException as e:
                    self._handle_dbapi_exception(
                        e, str(statement), parameters, None, context
                    )
    
        cursor, str_statement, parameters = (
            context.cursor,
            context.statement,
            context.parameters,
        )
    
        effective_parameters: Optional[_AnyExecuteParams]
    
        if not context.executemany:
            effective_parameters = parameters[0]
        else:
            effective_parameters = parameters
    
        if self._has_events or self.engine._has_events:
            for fn in self.dispatch.before_cursor_execute:
                str_statement, effective_parameters = fn(
                    self,
                    cursor,
                    str_statement,
                    effective_parameters,
                    context,
                    context.executemany,
                )
    
        if self._echo:
            self._log_info(str_statement)
    
            stats = context._get_cache_stats()
    
            if not self.engine.hide_parameters:
                self._log_info(
                    "[%s] %r",
                    stats,
                    sql_util._repr_params(
                        effective_parameters,
                        batches=10,
                        ismulti=context.executemany,
                    ),
                )
            else:
                self._log_info(
                    "[%s] [SQL parameters hidden due to hide_parameters=True]",
                    stats,
                )
    
        evt_handled: bool = False
        try:
            if context.execute_style is ExecuteStyle.EXECUTEMANY:
                effective_parameters = cast(
                    "_CoreMultiExecuteParams", effective_parameters
                )
                if self.dialect._has_events:
                    for fn in self.dialect.dispatch.do_executemany:
                        if fn(
                            cursor,
                            str_statement,
                            effective_parameters,
                            context,
                        ):
                            evt_handled = True
                            break
                if not evt_handled:
                    self.dialect.do_executemany(
                        cursor,
                        str_statement,
                        effective_parameters,
                        context,
                    )
            elif not effective_parameters and context.no_parameters:
                if self.dialect._has_events:
                    for fn in self.dialect.dispatch.do_execute_no_params:
                        if fn(cursor, str_statement, context):
                            evt_handled = True
                            break
                if not evt_handled:
                    self.dialect.do_execute_no_params(
                        cursor, str_statement, context
                    )
            else:
                effective_parameters = cast(
                    "_CoreSingleExecuteParams", effective_parameters
                )
                if self.dialect._has_events:
                    for fn in self.dialect.dispatch.do_execute:
                        if fn(
                            cursor,
                            str_statement,
                            effective_parameters,
                            context,
                        ):
                            evt_handled = True
                            break
                if not evt_handled:
>                   self.dialect.do_execute(
                        cursor, str_statement, effective_parameters, context
                    )

..\..\AppData\Local\Programs\Python\Python313\Lib\site-packages\sqlalchemy\engine\base.py:1967: 
_ _ _ _ _ _ _ _ _ _ _ _ _ _ _ _ _ _ _ _ _ _ _ _ _ _ _ _ _ _ _ _ _ _ _ _ _ _ _ _

self = <sqlalchemy.dialects.postgresql.psycopg2.PGDialect_psycopg2 object at 0x000001FCDB589E50>
cursor = <cursor object at 0x000001FCDD97E500; closed: -1>
statement = 'INSERT INTO users (created_at, updated_at, id, email, username, display_name, hashed_password, tier, auth_provider, a...%(username)s, %(display_name)s, %(hashed_password)s, %(tier)s, %(auth_provider)s, %(auth_id)s, %(preferences)s::JSONB)'
parameters = {'auth_id': None, 'auth_provider': 'local', 'created_at': datetime.datetime(2025, 11, 25, 20, 41, 14, 417769), 'display_name': None, ...}
context = <sqlalchemy.dialects.postgresql.psycopg2.PGExecutionContext_psycopg2 object at 0x000001FCDD8AA950>

    def do_execute(self, cursor, statement, parameters, context=None):
>       cursor.execute(statement, parameters)
E       psycopg2.errors.UniqueViolation: duplicate key value violates unique constraint "ix_users_username"
E       DETAIL:  Key (username)=(testuser) already exists.

..\..\AppData\Local\Programs\Python\Python313\Lib\site-packages\sqlalchemy\engine\default.py:951: UniqueViolation

The above exception was the direct cause of the following exception:

db_session = <sqlmodel.orm.session.Session object at 0x000001FCDD94C8C0>
sample_vault_id = UUID('fe9818ce-a7c2-4388-a6db-23be2cbd4936')

    @pytest.fixture
    def test_vault(db_session, sample_vault_id):
        """Create a test vault in the database."""
        # Create user first
        user = User(
            email="test@writeros.local",
            username="testuser",
            tier=SubscriptionTier.FREE
        )
        db_session.add(user)
>       db_session.commit()

tests\api\test_legacy_compatibility.py:40: 
_ _ _ _ _ _ _ _ _ _ _ _ _ _ _ _ _ _ _ _ _ _ _ _ _ _ _ _ _ _ _ _ _ _ _ _ _ _ _ _
..\..\AppData\Local\Programs\Python\Python313\Lib\site-packages\sqlalchemy\orm\session.py:2030: in commit
    trans.commit(_to_root=True)
<string>:2: in commit
    ???
..\..\AppData\Local\Programs\Python\Python313\Lib\site-packages\sqlalchemy\orm\state_changes.py:137: in _go
    ret_value = fn(self, *arg, **kw)
                ^^^^^^^^^^^^^^^^^^^^
..\..\AppData\Local\Programs\Python\Python313\Lib\site-packages\sqlalchemy\orm\session.py:1311: in commit
    self._prepare_impl()
<string>:2: in _prepare_impl
    ???
..\..\AppData\Local\Programs\Python\Python313\Lib\site-packages\sqlalchemy\orm\state_changes.py:137: in _go
    ret_value = fn(self, *arg, **kw)
                ^^^^^^^^^^^^^^^^^^^^
..\..\AppData\Local\Programs\Python\Python313\Lib\site-packages\sqlalchemy\orm\session.py:1286: in _prepare_impl
    self.session.flush()
..\..\AppData\Local\Programs\Python\Python313\Lib\site-packages\sqlalchemy\orm\session.py:4331: in flush
    self._flush(objects)
..\..\AppData\Local\Programs\Python\Python313\Lib\site-packages\sqlalchemy\orm\session.py:4466: in _flush
    with util.safe_reraise():
         ^^^^^^^^^^^^^^^^^^^
..\..\AppData\Local\Programs\Python\Python313\Lib\site-packages\sqlalchemy\util\langhelpers.py:224: in __exit__
    raise exc_value.with_traceback(exc_tb)
..\..\AppData\Local\Programs\Python\Python313\Lib\site-packages\sqlalchemy\orm\session.py:4427: in _flush
    flush_context.execute()
..\..\AppData\Local\Programs\Python\Python313\Lib\site-packages\sqlalchemy\orm\unitofwork.py:466: in execute
    rec.execute(self)
..\..\AppData\Local\Programs\Python\Python313\Lib\site-packages\sqlalchemy\orm\unitofwork.py:642: in execute
    util.preloaded.orm_persistence.save_obj(
..\..\AppData\Local\Programs\Python\Python313\Lib\site-packages\sqlalchemy\orm\persistence.py:93: in save_obj
    _emit_insert_statements(
..\..\AppData\Local\Programs\Python\Python313\Lib\site-packages\sqlalchemy\orm\persistence.py:1048: in _emit_insert_statements
    result = connection.execute(
..\..\AppData\Local\Programs\Python\Python313\Lib\site-packages\sqlalchemy\engine\base.py:1419: in execute
    return meth(
..\..\AppData\Local\Programs\Python\Python313\Lib\site-packages\sqlalchemy\sql\elements.py:526: in _execute_on_connection
    return connection._execute_clauseelement(
..\..\AppData\Local\Programs\Python\Python313\Lib\site-packages\sqlalchemy\engine\base.py:1641: in _execute_clauseelement
    ret = self._execute_context(
..\..\AppData\Local\Programs\Python\Python313\Lib\site-packages\sqlalchemy\engine\base.py:1846: in _execute_context
    return self._exec_single_context(
..\..\AppData\Local\Programs\Python\Python313\Lib\site-packages\sqlalchemy\engine\base.py:1986: in _exec_single_context
    self._handle_dbapi_exception(
..\..\AppData\Local\Programs\Python\Python313\Lib\site-packages\sqlalchemy\engine\base.py:2355: in _handle_dbapi_exception
    raise sqlalchemy_exception.with_traceback(exc_info[2]) from e
..\..\AppData\Local\Programs\Python\Python313\Lib\site-packages\sqlalchemy\engine\base.py:1967: in _exec_single_context
    self.dialect.do_execute(
_ _ _ _ _ _ _ _ _ _ _ _ _ _ _ _ _ _ _ _ _ _ _ _ _ _ _ _ _ _ _ _ _ _ _ _ _ _ _ _

self = <sqlalchemy.dialects.postgresql.psycopg2.PGDialect_psycopg2 object at 0x000001FCDB589E50>
cursor = <cursor object at 0x000001FCDD97E500; closed: -1>
statement = 'INSERT INTO users (created_at, updated_at, id, email, username, display_name, hashed_password, tier, auth_provider, a...%(username)s, %(display_name)s, %(hashed_password)s, %(tier)s, %(auth_provider)s, %(auth_id)s, %(preferences)s::JSONB)'
parameters = {'auth_id': None, 'auth_provider': 'local', 'created_at': datetime.datetime(2025, 11, 25, 20, 41, 14, 417769), 'display_name': None, ...}
context = <sqlalchemy.dialects.postgresql.psycopg2.PGExecutionContext_psycopg2 object at 0x000001FCDD8AA950>

    def do_execute(self, cursor, statement, parameters, context=None):
>       cursor.execute(statement, parameters)
E       sqlalchemy.exc.IntegrityError: (psycopg2.errors.UniqueViolation) duplicate key value violates unique constraint "ix_users_username"
E       DETAIL:  Key (username)=(testuser) already exists.
E       
E       [SQL: INSERT INTO users (created_at, updated_at, id, email, username, display_name, hashed_password, tier, auth_provider, auth_id, preferences) VALUES (%(created_at)s, %(updated_at)s, %(id)s::UUID, %(email)s, %(username)s, %(display_name)s, %(hashed_password)s, %(tier)s, %(auth_provider)s, %(auth_id)s, %(preferences)s::JSONB)]
E       [parameters: {'created_at': datetime.datetime(2025, 11, 25, 20, 41, 14, 417769), 'updated_at': datetime.datetime(2025, 11, 25, 20, 41, 14, 417900), 'id': UUID('706c96bc-ff7b-4eb5-b589-e63c66bb35fc'), 'email': 'test@writeros.local', 'username': 'testuser', 'display_name': None, 'hashed_password': None, 'tier': 'FREE', 'auth_provider': 'local', 'auth_id': None, 'preferences': '{}'}]
E       (Background on this error at: https://sqlalche.me/e/20/gkpj)

..\..\AppData\Local\Programs\Python\Python313\Lib\site-packages\sqlalchemy\engine\default.py:951: IntegrityError
_ ERROR at setup of TestGraphScriptWithDatabase.test_script_generates_html_file _

self = <sqlalchemy.engine.base.Connection object at 0x000001FCDFDC7AD0>
dialect = <sqlalchemy.dialects.postgresql.psycopg2.PGDialect_psycopg2 object at 0x000001FCDB589E50>
context = <sqlalchemy.dialects.postgresql.psycopg2.PGExecutionContext_psycopg2 object at 0x000001FCDE443150>
statement = <sqlalchemy.dialects.postgresql.base.PGCompiler object at 0x000001FCDD8025D0>
parameters = [{'auth_id': None, 'auth_provider': 'local', 'created_at': datetime.datetime(2025, 11, 25, 20, 41, 46, 392386), 'display_name': None, ...}]

    def _exec_single_context(
        self,
        dialect: Dialect,
        context: ExecutionContext,
        statement: Union[str, Compiled],
        parameters: Optional[_AnyMultiExecuteParams],
    ) -> CursorResult[Any]:
        """continue the _execute_context() method for a single DBAPI
        cursor.execute() or cursor.executemany() call.
    
        """
        if dialect.bind_typing is BindTyping.SETINPUTSIZES:
            generic_setinputsizes = context._prepare_set_input_sizes()
    
            if generic_setinputsizes:
                try:
                    dialect.do_set_input_sizes(
                        context.cursor, generic_setinputsizes, context
                    )
                except BaseException as e:
                    self._handle_dbapi_exception(
                        e, str(statement), parameters, None, context
                    )
    
        cursor, str_statement, parameters = (
            context.cursor,
            context.statement,
            context.parameters,
        )
    
        effective_parameters: Optional[_AnyExecuteParams]
    
        if not context.executemany:
            effective_parameters = parameters[0]
        else:
            effective_parameters = parameters
    
        if self._has_events or self.engine._has_events:
            for fn in self.dispatch.before_cursor_execute:
                str_statement, effective_parameters = fn(
                    self,
                    cursor,
                    str_statement,
                    effective_parameters,
                    context,
                    context.executemany,
                )
    
        if self._echo:
            self._log_info(str_statement)
    
            stats = context._get_cache_stats()
    
            if not self.engine.hide_parameters:
                self._log_info(
                    "[%s] %r",
                    stats,
                    sql_util._repr_params(
                        effective_parameters,
                        batches=10,
                        ismulti=context.executemany,
                    ),
                )
            else:
                self._log_info(
                    "[%s] [SQL parameters hidden due to hide_parameters=True]",
                    stats,
                )
    
        evt_handled: bool = False
        try:
            if context.execute_style is ExecuteStyle.EXECUTEMANY:
                effective_parameters = cast(
                    "_CoreMultiExecuteParams", effective_parameters
                )
                if self.dialect._has_events:
                    for fn in self.dialect.dispatch.do_executemany:
                        if fn(
                            cursor,
                            str_statement,
                            effective_parameters,
                            context,
                        ):
                            evt_handled = True
                            break
                if not evt_handled:
                    self.dialect.do_executemany(
                        cursor,
                        str_statement,
                        effective_parameters,
                        context,
                    )
            elif not effective_parameters and context.no_parameters:
                if self.dialect._has_events:
                    for fn in self.dialect.dispatch.do_execute_no_params:
                        if fn(cursor, str_statement, context):
                            evt_handled = True
                            break
                if not evt_handled:
                    self.dialect.do_execute_no_params(
                        cursor, str_statement, context
                    )
            else:
                effective_parameters = cast(
                    "_CoreSingleExecuteParams", effective_parameters
                )
                if self.dialect._has_events:
                    for fn in self.dialect.dispatch.do_execute:
                        if fn(
                            cursor,
                            str_statement,
                            effective_parameters,
                            context,
                        ):
                            evt_handled = True
                            break
                if not evt_handled:
>                   self.dialect.do_execute(
                        cursor, str_statement, effective_parameters, context
                    )

..\..\AppData\Local\Programs\Python\Python313\Lib\site-packages\sqlalchemy\engine\base.py:1967: 
_ _ _ _ _ _ _ _ _ _ _ _ _ _ _ _ _ _ _ _ _ _ _ _ _ _ _ _ _ _ _ _ _ _ _ _ _ _ _ _

self = <sqlalchemy.dialects.postgresql.psycopg2.PGDialect_psycopg2 object at 0x000001FCDB589E50>
cursor = <cursor object at 0x000001FCDB5F50E0; closed: -1>
statement = 'INSERT INTO users (created_at, updated_at, id, email, username, display_name, hashed_password, tier, auth_provider, a...%(username)s, %(display_name)s, %(hashed_password)s, %(tier)s, %(auth_provider)s, %(auth_id)s, %(preferences)s::JSONB)'
parameters = {'auth_id': None, 'auth_provider': 'local', 'created_at': datetime.datetime(2025, 11, 25, 20, 41, 46, 392386), 'display_name': None, ...}
context = <sqlalchemy.dialects.postgresql.psycopg2.PGExecutionContext_psycopg2 object at 0x000001FCDE443150>

    def do_execute(self, cursor, statement, parameters, context=None):
>       cursor.execute(statement, parameters)
E       psycopg2.errors.UniqueViolation: duplicate key value violates unique constraint "ix_users_username"
E       DETAIL:  Key (username)=(graphtest) already exists.

..\..\AppData\Local\Programs\Python\Python313\Lib\site-packages\sqlalchemy\engine\default.py:951: UniqueViolation

The above exception was the direct cause of the following exception:

db_session = <sqlmodel.orm.session.Session object at 0x000001FCDD94CB90>
sample_vault_id = UUID('a480685a-9819-495b-9d10-58a0c07a5f56')

    @pytest.fixture
    def test_vault_with_entities(db_session, sample_vault_id):
        """Create a test vault with sample entities."""
        # Create user
        user = User(
            email="graph_test@writeros.local",
            username="graphtest",
            tier=SubscriptionTier.FREE
        )
        db_session.add(user)
>       db_session.commit()

tests\test_graph_generation.py:36: 
_ _ _ _ _ _ _ _ _ _ _ _ _ _ _ _ _ _ _ _ _ _ _ _ _ _ _ _ _ _ _ _ _ _ _ _ _ _ _ _
..\..\AppData\Local\Programs\Python\Python313\Lib\site-packages\sqlalchemy\orm\session.py:2030: in commit
    trans.commit(_to_root=True)
<string>:2: in commit
    ???
..\..\AppData\Local\Programs\Python\Python313\Lib\site-packages\sqlalchemy\orm\state_changes.py:137: in _go
    ret_value = fn(self, *arg, **kw)
                ^^^^^^^^^^^^^^^^^^^^
..\..\AppData\Local\Programs\Python\Python313\Lib\site-packages\sqlalchemy\orm\session.py:1311: in commit
    self._prepare_impl()
<string>:2: in _prepare_impl
    ???
..\..\AppData\Local\Programs\Python\Python313\Lib\site-packages\sqlalchemy\orm\state_changes.py:137: in _go
    ret_value = fn(self, *arg, **kw)
                ^^^^^^^^^^^^^^^^^^^^
..\..\AppData\Local\Programs\Python\Python313\Lib\site-packages\sqlalchemy\orm\session.py:1286: in _prepare_impl
    self.session.flush()
..\..\AppData\Local\Programs\Python\Python313\Lib\site-packages\sqlalchemy\orm\session.py:4331: in flush
    self._flush(objects)
..\..\AppData\Local\Programs\Python\Python313\Lib\site-packages\sqlalchemy\orm\session.py:4466: in _flush
    with util.safe_reraise():
         ^^^^^^^^^^^^^^^^^^^
..\..\AppData\Local\Programs\Python\Python313\Lib\site-packages\sqlalchemy\util\langhelpers.py:224: in __exit__
    raise exc_value.with_traceback(exc_tb)
..\..\AppData\Local\Programs\Python\Python313\Lib\site-packages\sqlalchemy\orm\session.py:4427: in _flush
    flush_context.execute()
..\..\AppData\Local\Programs\Python\Python313\Lib\site-packages\sqlalchemy\orm\unitofwork.py:466: in execute
    rec.execute(self)
..\..\AppData\Local\Programs\Python\Python313\Lib\site-packages\sqlalchemy\orm\unitofwork.py:642: in execute
    util.preloaded.orm_persistence.save_obj(
..\..\AppData\Local\Programs\Python\Python313\Lib\site-packages\sqlalchemy\orm\persistence.py:93: in save_obj
    _emit_insert_statements(
..\..\AppData\Local\Programs\Python\Python313\Lib\site-packages\sqlalchemy\orm\persistence.py:1048: in _emit_insert_statements
    result = connection.execute(
..\..\AppData\Local\Programs\Python\Python313\Lib\site-packages\sqlalchemy\engine\base.py:1419: in execute
    return meth(
..\..\AppData\Local\Programs\Python\Python313\Lib\site-packages\sqlalchemy\sql\elements.py:526: in _execute_on_connection
    return connection._execute_clauseelement(
..\..\AppData\Local\Programs\Python\Python313\Lib\site-packages\sqlalchemy\engine\base.py:1641: in _execute_clauseelement
    ret = self._execute_context(
..\..\AppData\Local\Programs\Python\Python313\Lib\site-packages\sqlalchemy\engine\base.py:1846: in _execute_context
    return self._exec_single_context(
..\..\AppData\Local\Programs\Python\Python313\Lib\site-packages\sqlalchemy\engine\base.py:1986: in _exec_single_context
    self._handle_dbapi_exception(
..\..\AppData\Local\Programs\Python\Python313\Lib\site-packages\sqlalchemy\engine\base.py:2355: in _handle_dbapi_exception
    raise sqlalchemy_exception.with_traceback(exc_info[2]) from e
..\..\AppData\Local\Programs\Python\Python313\Lib\site-packages\sqlalchemy\engine\base.py:1967: in _exec_single_context
    self.dialect.do_execute(
_ _ _ _ _ _ _ _ _ _ _ _ _ _ _ _ _ _ _ _ _ _ _ _ _ _ _ _ _ _ _ _ _ _ _ _ _ _ _ _

self = <sqlalchemy.dialects.postgresql.psycopg2.PGDialect_psycopg2 object at 0x000001FCDB589E50>
cursor = <cursor object at 0x000001FCDB5F50E0; closed: -1>
statement = 'INSERT INTO users (created_at, updated_at, id, email, username, display_name, hashed_password, tier, auth_provider, a...%(username)s, %(display_name)s, %(hashed_password)s, %(tier)s, %(auth_provider)s, %(auth_id)s, %(preferences)s::JSONB)'
parameters = {'auth_id': None, 'auth_provider': 'local', 'created_at': datetime.datetime(2025, 11, 25, 20, 41, 46, 392386), 'display_name': None, ...}
context = <sqlalchemy.dialects.postgresql.psycopg2.PGExecutionContext_psycopg2 object at 0x000001FCDE443150>

    def do_execute(self, cursor, statement, parameters, context=None):
>       cursor.execute(statement, parameters)
E       sqlalchemy.exc.IntegrityError: (psycopg2.errors.UniqueViolation) duplicate key value violates unique constraint "ix_users_username"
E       DETAIL:  Key (username)=(graphtest) already exists.
E       
E       [SQL: INSERT INTO users (created_at, updated_at, id, email, username, display_name, hashed_password, tier, auth_provider, auth_id, preferences) VALUES (%(created_at)s, %(updated_at)s, %(id)s::UUID, %(email)s, %(username)s, %(display_name)s, %(hashed_password)s, %(tier)s, %(auth_provider)s, %(auth_id)s, %(preferences)s::JSONB)]
E       [parameters: {'created_at': datetime.datetime(2025, 11, 25, 20, 41, 46, 392386), 'updated_at': datetime.datetime(2025, 11, 25, 20, 41, 46, 392512), 'id': UUID('2253c81c-12b7-4196-8523-236a0c24ffe0'), 'email': 'graph_test@writeros.local', 'username': 'graphtest', 'display_name': None, 'hashed_password': None, 'tier': 'FREE', 'auth_provider': 'local', 'auth_id': None, 'preferences': '{}'}]
E       (Background on this error at: https://sqlalche.me/e/20/gkpj)

..\..\AppData\Local\Programs\Python\Python313\Lib\site-packages\sqlalchemy\engine\default.py:951: IntegrityError
================================== FAILURES ===================================
___________ TestAnalyzeEndpoint.test_analyze_accepts_plugin_format ____________

self = <test_legacy_compatibility.TestAnalyzeEndpoint object at 0x000001FCDB3AAC10>
test_client = <starlette.testclient.TestClient object at 0x000001FCDD7FE190>
mock_init_db = <MagicMock name='init_db' id='2185553935536'>
test_vault = Vault(id=UUID('b002b20f-b1e5-40d9-9810-edebf33edbfe'), updated_at=datetime.datetime(2025, 11, 25, 20, 41, 14, 116513),...0-72dd-479a-a416-7881b85f6f67'), local_system_path='C:\\test\\vault', settings={}, scene_count=0, last_indexed_at=None)
mocker = <pytest_mock.plugin.MockerFixture object at 0x000001FCDB5F73F0>

    def test_analyze_accepts_plugin_format(self, test_client, mock_init_db, test_vault, mocker):
        """Test that /analyze accepts the plugin's request format."""
        # Mock VaultIndexer
        mock_indexer = mocker.patch("writeros.api.app.VaultIndexer")
    
        # Mock get_db dependency
        def override_get_db():
            from writeros.utils.db import engine
            with Session(engine) as session:
                yield session
    
>       app.dependency_overrides[app.dependencies[0]] = override_get_db
                                 ^^^^^^^^^^^^^^^^
E       AttributeError: 'FastAPI' object has no attribute 'dependencies'

tests\api\test_legacy_compatibility.py:104: AttributeError
_____ TestAnalyzeEndpoint.test_analyze_returns_404_for_nonexistent_vault ______

self = <test_legacy_compatibility.TestAnalyzeEndpoint object at 0x000001FCDB39E190>
test_client = <starlette.testclient.TestClient object at 0x000001FCDD89C950>
mock_init_db = <MagicMock name='init_db' id='2185559601040'>
mocker = <pytest_mock.plugin.MockerFixture object at 0x000001FCDD8320D0>

    def test_analyze_returns_404_for_nonexistent_vault(self, test_client, mock_init_db, mocker):
        """Test that /analyze returns 404 for non-existent vault."""
        fake_vault_id = str(uuid4())
    
        request_data = {
            "vault_path": "C:\\test\\vault",
            "vault_id": fake_vault_id
        }
    
        response = test_client.post("/analyze", json=request_data)
    
>       assert response.status_code == 404
E       assert 500 == 404
E        +  where 500 = <Response [500 Internal Server Error]>.status_code

tests\api\test_legacy_compatibility.py:142: AssertionError
------------------------------ Captured log call ------------------------------
ERROR    writeros.api.app:app.py:219 [2m2025-11-25T20:41:14.403573Z[0m [[31m[1merror    [0m] [1mplugin_analyze_failed         [0m [36merror[0m=[35m'404: Vault not found'[0m
______ TestChatStreamEndpoint.test_chat_stream_rejects_invalid_vault_id _______

self = <test_legacy_compatibility.TestChatStreamEndpoint object at 0x000001FCDB29AAD0>
test_client = <starlette.testclient.TestClient object at 0x000001FCDD97E970>
mock_init_db = <MagicMock name='init_db' id='2185561424288'>

    def test_chat_stream_rejects_invalid_vault_id(self, test_client, mock_init_db):
        """Test that /chat/stream rejects invalid vault_id."""
        request_data = {
            "message": "Test",
            "vault_id": "invalid-uuid"
        }
    
        response = test_client.post("/chat/stream", json=request_data)
    
>       assert response.status_code == 400
E       assert 200 == 400
E        +  where 200 = <Response [200 OK]>.status_code

tests\api\test_legacy_compatibility.py:292: AssertionError
------------------------------ Captured log call ------------------------------
ERROR    writeros.api.app:app.py:259 [2m2025-11-25T20:41:15.597047Z[0m [[31m[1merror    [0m] [1mplugin_chat_stream_error      [0m [36merror[0m=[35m'badly formed hexadecimal UUID string'[0m
_________ TestSemanticChunker.test_coherence_score_varied_similarity __________

self = <test_semantic_chunker.TestSemanticChunker object at 0x000001FCDB383950>
chunker = <writeros.preprocessing.chunker.SemanticChunker object at 0x000001FCDD8AB950>
mocker = <pytest_mock.plugin.MockerFixture object at 0x000001FCDE4E4600>

    @pytest.mark.asyncio
    async def test_coherence_score_varied_similarity(self, chunker, mocker):
        """Ensure coherence reflects mixed segment similarity."""
        text = (
            "Vector one points on x. Vector two points on negative x. "
            "Vector three points on y."
        )
    
        diverse_embeddings = [
            [1.0, 0.0],
            [-1.0, 0.0],
            [0.0, 1.0],
        ]
    
        mock_service = MagicMock()
        mock_service.get_embeddings = AsyncMock(return_value=diverse_embeddings)
        mocker.patch("writeros.utils.embeddings.EmbeddingService", return_value=mock_service)
    
        chunks = await chunker.chunk_document(text)
    
        coherence = chunks[0]["coherence_score"]
        assert isinstance(coherence, float)
>       assert coherence == pytest.approx(2 / 3, rel=1e-6)
E       assert 0.9494459179620003 == 0.6666666666666666 ▒ 6.7e-07
E         
E         comparison failed
E         Obtained: 0.9494459179620003
E         Expected: 0.6666666666666666 ▒ 6.7e-07

tests\preprocessing\test_semantic_chunker.py:140: AssertionError
_ TestGraphScriptDatabaseConnection.test_script_initializes_database_connection _

self = <tests.test_graph_generation.TestGraphScriptDatabaseConnection object at 0x000001FCDB500F50>

    def test_script_initializes_database_connection(self):
        """Test that script connects to database."""
        with open(GENERATE_GRAPH_PY, 'r') as f:
            content = f.read()
    
        # Should import database utilities
>       assert 'from writeros' in content
E       assert 'from writeros' in '#!/usr/bin/env python3\n"""\nGraph generation script for WriterOS.\nGenerates D3.js visualizations of vault data.\n"""\nimport sys\nimport asyncio\nfrom pathlib import Path\n\n# Add src to path\nsys.path.insert(0, str(Path(__file__).parent))\n\nasync def main():\n    from src.writeros.core.logging import setup_logging, get_logger\n    from src.writeros.agents.profiler import ProfilerAgent\n    from src.writeros.utils.db import get_or_create_vault_id\n    from uuid import UUID\n    import argparse\n    \n    setup_logging()\n    logger = get_logger(__name__)\n    \n    parser = argparse.ArgumentParser(description=\'Generate WriterOS graph\')\n    parser.add_argument(\'--graph-type\', required=True, \n                       choices=[\'force\', \'family\', \'faction\', \'location\'],\n                       help=\'Type of graph to generate\')\n    parser.add_argument(\'--vault-path\', required=True,\n                       help=\'Path to the vault root directory\')\n    parser.add_argument(\'--vault-id\', required=False,\n                       help=\'Vault UUID (optional, will auto-create if not provided)\')\n    \n    args = parser.parse_args()\n    vault_path = Path(args.vault_p...h))\n    \n    logger.info("generating_graph", vault_id=str(vault_id), graph_type=args.graph_type)\n    \n    # Generate graph\n    profiler = ProfilerAgent()\n    \n    graph_data = await profiler.generate_graph_data(\n        vault_id=vault_id,\n        graph_type=args.graph_type,\n        max_nodes=100,\n        canon_layer="primary"\n    )\n    \n    logger.info("graph_data_generated", \n                nodes=graph_data.get(\'stats\', {}).get(\'node_count\', len(graph_data.get(\'nodes\', []))), \n                links=graph_data.get(\'stats\', {}).get(\'link_count\', len(graph_data.get(\'links\', []))))\n    \n    # Save to .writeros/graphs/\n    output_path = profiler.generate_graph_html(\n        graph_data=graph_data,\n        vault_path=vault_path,\n        graph_type=args.graph_type\n    )\n    \n    # Print output path (Obsidian plugin parses this line)\n    print(f"\\nGraph generated successfully!")\n    print(f"Graph HTML generated: {output_path}")\n\nif __name__ == "__main__":\n    try:\n        asyncio.run(main())\n    except Exception as e:\n        print(f"ERROR: {e}", file=sys.stderr)\n        import traceback\n        traceback.print_exc()\n        sys.exit(1)\n'

tests\test_graph_generation.py:283: AssertionError
____________ TestServerLauncherIntegration.test_server_help_output ____________

self = <tests.test_server_launcher.TestServerLauncherIntegration object at 0x000001FCDB5020D0>

    @pytest.mark.slow
    @pytest.mark.skipif(
        not (PROJECT_ROOT / "src" / "writeros" / "api" / "app.py").exists(),
        reason="Requires full WriterOS installation"
    )
    def test_server_help_output(self):
        """Test that python server.py can be invoked (will fail without proper args)."""
        # Just verify the script is valid Python
>       result = subprocess.run(
            [sys.executable, str(SERVER_PY), "--help"],
            capture_output=True,
            text=True,
            timeout=2
        )

tests\test_server_launcher.py:173: 
_ _ _ _ _ _ _ _ _ _ _ _ _ _ _ _ _ _ _ _ _ _ _ _ _ _ _ _ _ _ _ _ _ _ _ _ _ _ _ _
..\..\AppData\Local\Programs\Python\Python313\Lib\subprocess.py:556: in run
    stdout, stderr = process.communicate(input, timeout=timeout)
                     ^^^^^^^^^^^^^^^^^^^^^^^^^^^^^^^^^^^^^^^^^^^
..\..\AppData\Local\Programs\Python\Python313\Lib\subprocess.py:1222: in communicate
    stdout, stderr = self._communicate(input, endtime, timeout)
                     ^^^^^^^^^^^^^^^^^^^^^^^^^^^^^^^^^^^^^^^^^^
_ _ _ _ _ _ _ _ _ _ _ _ _ _ _ _ _ _ _ _ _ _ _ _ _ _ _ _ _ _ _ _ _ _ _ _ _ _ _ _

self = <Popen: returncode: 1 args: ['C:\\Users\\rahme\\AppData\\Local\\Programs\\Py...>
input = None, endtime = 95912.6120414, orig_timeout = 2

    def _communicate(self, input, endtime, orig_timeout):
        # Start reader threads feeding into a list hanging off of this
        # object, unless they've already been started.
        if self.stdout and not hasattr(self, "_stdout_buff"):
            self._stdout_buff = []
            self.stdout_thread = \
                    threading.Thread(target=self._readerthread,
                                     args=(self.stdout, self._stdout_buff))
            self.stdout_thread.daemon = True
            self.stdout_thread.start()
        if self.stderr and not hasattr(self, "_stderr_buff"):
            self._stderr_buff = []
            self.stderr_thread = \
                    threading.Thread(target=self._readerthread,
                                     args=(self.stderr, self._stderr_buff))
            self.stderr_thread.daemon = True
            self.stderr_thread.start()
    
        if self.stdin:
            self._stdin_write(input)
    
        # Wait for the reader threads, or time out.  If we time out, the
        # threads remain reading and the fds left open in case the user
        # calls communicate again.
        if self.stdout is not None:
            self.stdout_thread.join(self._remaining_time(endtime))
            if self.stdout_thread.is_alive():
>               raise TimeoutExpired(self.args, orig_timeout)
E               subprocess.TimeoutExpired: Command '['C:\\Users\\rahme\\AppData\\Local\\Programs\\Python\\Python313\\python.exe', 'C:\\Users\\rahme\\IdeaProjects\\YouTube Transcript Agent\\server.py', '--help']' timed out after 2 seconds

..\..\AppData\Local\Programs\Python\Python313\Lib\subprocess.py:1646: TimeoutExpired
_____ TestEnsureDefaultUserAndVault.test_creates_admin_user_in_local_mode _____

self = <sqlalchemy.engine.base.Connection object at 0x000001FCDE58E810>
dialect = <sqlalchemy.dialects.postgresql.psycopg2.PGDialect_psycopg2 object at 0x000001FCDB589E50>
context = <sqlalchemy.dialects.postgresql.psycopg2.PGExecutionContext_psycopg2 object at 0x000001FCDE441850>
statement = <sqlalchemy.dialects.postgresql.base.PGCompiler object at 0x000001FCDD9B9090>
parameters = [{}]

    def _exec_single_context(
        self,
        dialect: Dialect,
        context: ExecutionContext,
        statement: Union[str, Compiled],
        parameters: Optional[_AnyMultiExecuteParams],
    ) -> CursorResult[Any]:
        """continue the _execute_context() method for a single DBAPI
        cursor.execute() or cursor.executemany() call.
    
        """
        if dialect.bind_typing is BindTyping.SETINPUTSIZES:
            generic_setinputsizes = context._prepare_set_input_sizes()
    
            if generic_setinputsizes:
                try:
                    dialect.do_set_input_sizes(
                        context.cursor, generic_setinputsizes, context
                    )
                except BaseException as e:
                    self._handle_dbapi_exception(
                        e, str(statement), parameters, None, context
                    )
    
        cursor, str_statement, parameters = (
            context.cursor,
            context.statement,
            context.parameters,
        )
    
        effective_parameters: Optional[_AnyExecuteParams]
    
        if not context.executemany:
            effective_parameters = parameters[0]
        else:
            effective_parameters = parameters
    
        if self._has_events or self.engine._has_events:
            for fn in self.dispatch.before_cursor_execute:
                str_statement, effective_parameters = fn(
                    self,
                    cursor,
                    str_statement,
                    effective_parameters,
                    context,
                    context.executemany,
                )
    
        if self._echo:
            self._log_info(str_statement)
    
            stats = context._get_cache_stats()
    
            if not self.engine.hide_parameters:
                self._log_info(
                    "[%s] %r",
                    stats,
                    sql_util._repr_params(
                        effective_parameters,
                        batches=10,
                        ismulti=context.executemany,
                    ),
                )
            else:
                self._log_info(
                    "[%s] [SQL parameters hidden due to hide_parameters=True]",
                    stats,
                )
    
        evt_handled: bool = False
        try:
            if context.execute_style is ExecuteStyle.EXECUTEMANY:
                effective_parameters = cast(
                    "_CoreMultiExecuteParams", effective_parameters
                )
                if self.dialect._has_events:
                    for fn in self.dialect.dispatch.do_executemany:
                        if fn(
                            cursor,
                            str_statement,
                            effective_parameters,
                            context,
                        ):
                            evt_handled = True
                            break
                if not evt_handled:
                    self.dialect.do_executemany(
                        cursor,
                        str_statement,
                        effective_parameters,
                        context,
                    )
            elif not effective_parameters and context.no_parameters:
                if self.dialect._has_events:
                    for fn in self.dialect.dispatch.do_execute_no_params:
                        if fn(cursor, str_statement, context):
                            evt_handled = True
                            break
                if not evt_handled:
                    self.dialect.do_execute_no_params(
                        cursor, str_statement, context
                    )
            else:
                effective_parameters = cast(
                    "_CoreSingleExecuteParams", effective_parameters
                )
                if self.dialect._has_events:
                    for fn in self.dialect.dispatch.do_execute:
                        if fn(
                            cursor,
                            str_statement,
                            effective_parameters,
                            context,
                        ):
                            evt_handled = True
                            break
                if not evt_handled:
>                   self.dialect.do_execute(
                        cursor, str_statement, effective_parameters, context
                    )

..\..\AppData\Local\Programs\Python\Python313\Lib\site-packages\sqlalchemy\engine\base.py:1967: 
_ _ _ _ _ _ _ _ _ _ _ _ _ _ _ _ _ _ _ _ _ _ _ _ _ _ _ _ _ _ _ _ _ _ _ _ _ _ _ _

self = <sqlalchemy.dialects.postgresql.psycopg2.PGDialect_psycopg2 object at 0x000001FCDB589E50>
cursor = <cursor object at 0x000001FCE50F35A0; closed: -1>
statement = 'DELETE FROM users', parameters = {}
context = <sqlalchemy.dialects.postgresql.psycopg2.PGExecutionContext_psycopg2 object at 0x000001FCDE441850>

    def do_execute(self, cursor, statement, parameters, context=None):
>       cursor.execute(statement, parameters)
E       psycopg2.errors.ForeignKeyViolation: update or delete on table "users" violates foreign key constraint "vaults_owner_id_fkey" on table "vaults"
E       DETAIL:  Key (id)=(9a657e20-72dd-479a-a416-7881b85f6f67) is still referenced from table "vaults".

..\..\AppData\Local\Programs\Python\Python313\Lib\site-packages\sqlalchemy\engine\default.py:951: ForeignKeyViolation

The above exception was the direct cause of the following exception:

self = <test_init_db.TestEnsureDefaultUserAndVault object at 0x000001FCDB503D90>
db_session = <sqlmodel.orm.session.Session object at 0x000001FCDD94CB90>

    @patch.dict(os.environ, {"WRITEROS_MODE": "local", "VAULT_PATH": "/test/vault"})
    def test_creates_admin_user_in_local_mode(self, db_session):
        """Test that admin user is created in LOCAL mode."""
        # Clear any existing users
>       db_session.exec(text("DELETE FROM users")).all()
        ^^^^^^^^^^^^^^^^^^^^^^^^^^^^^^^^^^^^^^^^^^

tests\utils\test_init_db.py:91: 
_ _ _ _ _ _ _ _ _ _ _ _ _ _ _ _ _ _ _ _ _ _ _ _ _ _ _ _ _ _ _ _ _ _ _ _ _ _ _ _
..\..\AppData\Local\Programs\Python\Python313\Lib\site-packages\sqlmodel\orm\session.py:83: in exec
    results = super().execute(
..\..\AppData\Local\Programs\Python\Python313\Lib\site-packages\sqlalchemy\orm\session.py:2351: in execute
    return self._execute_internal(
..\..\AppData\Local\Programs\Python\Python313\Lib\site-packages\sqlalchemy\orm\session.py:2258: in _execute_internal
    result = conn.execute(
..\..\AppData\Local\Programs\Python\Python313\Lib\site-packages\sqlalchemy\engine\base.py:1419: in execute
    return meth(
..\..\AppData\Local\Programs\Python\Python313\Lib\site-packages\sqlalchemy\sql\elements.py:526: in _execute_on_connection
    return connection._execute_clauseelement(
..\..\AppData\Local\Programs\Python\Python313\Lib\site-packages\sqlalchemy\engine\base.py:1641: in _execute_clauseelement
    ret = self._execute_context(
..\..\AppData\Local\Programs\Python\Python313\Lib\site-packages\sqlalchemy\engine\base.py:1846: in _execute_context
    return self._exec_single_context(
..\..\AppData\Local\Programs\Python\Python313\Lib\site-packages\sqlalchemy\engine\base.py:1986: in _exec_single_context
    self._handle_dbapi_exception(
..\..\AppData\Local\Programs\Python\Python313\Lib\site-packages\sqlalchemy\engine\base.py:2355: in _handle_dbapi_exception
    raise sqlalchemy_exception.with_traceback(exc_info[2]) from e
..\..\AppData\Local\Programs\Python\Python313\Lib\site-packages\sqlalchemy\engine\base.py:1967: in _exec_single_context
    self.dialect.do_execute(
_ _ _ _ _ _ _ _ _ _ _ _ _ _ _ _ _ _ _ _ _ _ _ _ _ _ _ _ _ _ _ _ _ _ _ _ _ _ _ _

self = <sqlalchemy.dialects.postgresql.psycopg2.PGDialect_psycopg2 object at 0x000001FCDB589E50>
cursor = <cursor object at 0x000001FCE50F35A0; closed: -1>
statement = 'DELETE FROM users', parameters = {}
context = <sqlalchemy.dialects.postgresql.psycopg2.PGExecutionContext_psycopg2 object at 0x000001FCDE441850>

    def do_execute(self, cursor, statement, parameters, context=None):
>       cursor.execute(statement, parameters)
E       sqlalchemy.exc.IntegrityError: (psycopg2.errors.ForeignKeyViolation) update or delete on table "users" violates foreign key constraint "vaults_owner_id_fkey" on table "vaults"
E       DETAIL:  Key (id)=(9a657e20-72dd-479a-a416-7881b85f6f67) is still referenced from table "vaults".
E       
E       [SQL: DELETE FROM users]
E       (Background on this error at: https://sqlalche.me/e/20/gkpj)

..\..\AppData\Local\Programs\Python\Python313\Lib\site-packages\sqlalchemy\engine\default.py:951: IntegrityError
___ TestEnsureDefaultUserAndVault.test_creates_default_vault_in_local_mode ____

self = <test_init_db.TestEnsureDefaultUserAndVault object at 0x000001FCDB503ED0>
db_session = <sqlmodel.orm.session.Session object at 0x000001FCDE271400>

    @patch.dict(os.environ, {"WRITEROS_MODE": "local", "VAULT_PATH": "/test/vault"})
    def test_creates_default_vault_in_local_mode(self, db_session):
        """Test that default vault is created in LOCAL mode."""
        # Clear existing vaults
>       db_session.exec(text("DELETE FROM vaults")).all()

tests\utils\test_init_db.py:110: 
_ _ _ _ _ _ _ _ _ _ _ _ _ _ _ _ _ _ _ _ _ _ _ _ _ _ _ _ _ _ _ _ _ _ _ _ _ _ _ _
..\..\AppData\Local\Programs\Python\Python313\Lib\site-packages\sqlalchemy\engine\result.py:1384: in all
    return self._allrows()
           ^^^^^^^^^^^^^^^
..\..\AppData\Local\Programs\Python\Python313\Lib\site-packages\sqlalchemy\engine\result.py:546: in _allrows
    make_row = self._row_getter
               ^^^^^^^^^^^^^^^^
..\..\AppData\Local\Programs\Python\Python313\Lib\site-packages\sqlalchemy\util\langhelpers.py:1338: in __get__
    obj.__dict__[self.__name__] = result = self.fget(obj)
                                           ^^^^^^^^^^^^^^
..\..\AppData\Local\Programs\Python\Python313\Lib\site-packages\sqlalchemy\engine\result.py:471: in _row_getter
    key_to_index = metadata._key_to_index
                   ^^^^^^^^^^^^^^^^^^^^^^
..\..\AppData\Local\Programs\Python\Python313\Lib\site-packages\sqlalchemy\engine\cursor.py:1366: in _key_to_index
    self._we_dont_return_rows()
_ _ _ _ _ _ _ _ _ _ _ _ _ _ _ _ _ _ _ _ _ _ _ _ _ _ _ _ _ _ _ _ _ _ _ _ _ _ _ _

self = <sqlalchemy.engine.cursor._NoResultMetaData object at 0x000001FCBF746C80>
err = None

    def _we_dont_return_rows(self, err=None):
>       raise exc.ResourceClosedError(
            "This result object does not return rows. "
            "It has been closed automatically."
        ) from err
E       sqlalchemy.exc.ResourceClosedError: This result object does not return rows. It has been closed automatically.

..\..\AppData\Local\Programs\Python\Python313\Lib\site-packages\sqlalchemy\engine\cursor.py:1346: ResourceClosedError
______ TestEnsureDefaultUserAndVault.test_does_not_duplicate_admin_user _______

self = <test_init_db.TestEnsureDefaultUserAndVault object at 0x000001FCDB4CAEA0>
db_session = <sqlmodel.orm.session.Session object at 0x000001FCDE270140>

    @patch.dict(os.environ, {"WRITEROS_MODE": "local", "VAULT_PATH": "/test/vault"})
    def test_does_not_duplicate_admin_user(self, db_session):
        """Test that running twice doesn't create duplicate admin users."""
        # Clear existing
>       db_session.exec(text("DELETE FROM vaults")).all()

tests\utils\test_init_db.py:130: 
_ _ _ _ _ _ _ _ _ _ _ _ _ _ _ _ _ _ _ _ _ _ _ _ _ _ _ _ _ _ _ _ _ _ _ _ _ _ _ _
..\..\AppData\Local\Programs\Python\Python313\Lib\site-packages\sqlalchemy\engine\result.py:1384: in all
    return self._allrows()
           ^^^^^^^^^^^^^^^
..\..\AppData\Local\Programs\Python\Python313\Lib\site-packages\sqlalchemy\engine\result.py:546: in _allrows
    make_row = self._row_getter
               ^^^^^^^^^^^^^^^^
..\..\AppData\Local\Programs\Python\Python313\Lib\site-packages\sqlalchemy\util\langhelpers.py:1338: in __get__
    obj.__dict__[self.__name__] = result = self.fget(obj)
                                           ^^^^^^^^^^^^^^
..\..\AppData\Local\Programs\Python\Python313\Lib\site-packages\sqlalchemy\engine\result.py:471: in _row_getter
    key_to_index = metadata._key_to_index
                   ^^^^^^^^^^^^^^^^^^^^^^
..\..\AppData\Local\Programs\Python\Python313\Lib\site-packages\sqlalchemy\engine\cursor.py:1366: in _key_to_index
    self._we_dont_return_rows()
_ _ _ _ _ _ _ _ _ _ _ _ _ _ _ _ _ _ _ _ _ _ _ _ _ _ _ _ _ _ _ _ _ _ _ _ _ _ _ _

self = <sqlalchemy.engine.cursor._NoResultMetaData object at 0x000001FCBF746C80>
err = None

    def _we_dont_return_rows(self, err=None):
>       raise exc.ResourceClosedError(
            "This result object does not return rows. "
            "It has been closed automatically."
        ) from err
E       sqlalchemy.exc.ResourceClosedError: This result object does not return rows. It has been closed automatically.

..\..\AppData\Local\Programs\Python\Python313\Lib\site-packages\sqlalchemy\engine\cursor.py:1346: ResourceClosedError
___________ TestEnsureDefaultUserAndVault.test_vault_has_owner_link ___________

self = <test_init_db.TestEnsureDefaultUserAndVault object at 0x000001FCDB4CAFD0>
db_session = <sqlmodel.orm.session.Session object at 0x000001FCDE2726C0>

    @patch.dict(os.environ, {"WRITEROS_MODE": "local", "VAULT_PATH": "/test/vault"})
    def test_vault_has_owner_link(self, db_session):
        """Test that created vault is linked to admin user."""
        # Clear existing
>       db_session.exec(text("DELETE FROM vaults")).all()

tests\utils\test_init_db.py:149: 
_ _ _ _ _ _ _ _ _ _ _ _ _ _ _ _ _ _ _ _ _ _ _ _ _ _ _ _ _ _ _ _ _ _ _ _ _ _ _ _
..\..\AppData\Local\Programs\Python\Python313\Lib\site-packages\sqlalchemy\engine\result.py:1384: in all
    return self._allrows()
           ^^^^^^^^^^^^^^^
..\..\AppData\Local\Programs\Python\Python313\Lib\site-packages\sqlalchemy\engine\result.py:546: in _allrows
    make_row = self._row_getter
               ^^^^^^^^^^^^^^^^
..\..\AppData\Local\Programs\Python\Python313\Lib\site-packages\sqlalchemy\util\langhelpers.py:1338: in __get__
    obj.__dict__[self.__name__] = result = self.fget(obj)
                                           ^^^^^^^^^^^^^^
..\..\AppData\Local\Programs\Python\Python313\Lib\site-packages\sqlalchemy\engine\result.py:471: in _row_getter
    key_to_index = metadata._key_to_index
                   ^^^^^^^^^^^^^^^^^^^^^^
..\..\AppData\Local\Programs\Python\Python313\Lib\site-packages\sqlalchemy\engine\cursor.py:1366: in _key_to_index
    self._we_dont_return_rows()
_ _ _ _ _ _ _ _ _ _ _ _ _ _ _ _ _ _ _ _ _ _ _ _ _ _ _ _ _ _ _ _ _ _ _ _ _ _ _ _

self = <sqlalchemy.engine.cursor._NoResultMetaData object at 0x000001FCBF746C80>
err = None

    def _we_dont_return_rows(self, err=None):
>       raise exc.ResourceClosedError(
            "This result object does not return rows. "
            "It has been closed automatically."
        ) from err
E       sqlalchemy.exc.ResourceClosedError: This result object does not return rows. It has been closed automatically.

..\..\AppData\Local\Programs\Python\Python313\Lib\site-packages\sqlalchemy\engine\cursor.py:1346: ResourceClosedError
___ TestUUIDPreservation.test_ensure_default_vault_preserves_existing_uuid ____

self = <test_init_db.TestUUIDPreservation object at 0x000001FCDB4728B0>
db_session = <sqlmodel.orm.session.Session object at 0x000001FCDE2727B0>
tmp_path = WindowsPath('C:/Users/rahme/AppData/Local/Temp/pytest-of-rahme/pytest-31/test_ensure_default_vault_pres0')

    @patch.dict(os.environ, {"WRITEROS_MODE": "local"})
    def test_ensure_default_vault_preserves_existing_uuid(self, db_session, tmp_path):
        """Test that existing filesystem UUID is preserved in database."""
        # Create existing UUID on filesystem
        existing_uuid = uuid4()
        writeros_dir = tmp_path / ".writeros"
        writeros_dir.mkdir()
        (writeros_dir / "vault_id").write_text(str(existing_uuid))
    
        # Clear database
>       db_session.exec(text("DELETE FROM vaults")).all()

tests\utils\test_init_db.py:239: 
_ _ _ _ _ _ _ _ _ _ _ _ _ _ _ _ _ _ _ _ _ _ _ _ _ _ _ _ _ _ _ _ _ _ _ _ _ _ _ _
..\..\AppData\Local\Programs\Python\Python313\Lib\site-packages\sqlalchemy\engine\result.py:1384: in all
    return self._allrows()
           ^^^^^^^^^^^^^^^
..\..\AppData\Local\Programs\Python\Python313\Lib\site-packages\sqlalchemy\engine\result.py:546: in _allrows
    make_row = self._row_getter
               ^^^^^^^^^^^^^^^^
..\..\AppData\Local\Programs\Python\Python313\Lib\site-packages\sqlalchemy\util\langhelpers.py:1338: in __get__
    obj.__dict__[self.__name__] = result = self.fget(obj)
                                           ^^^^^^^^^^^^^^
..\..\AppData\Local\Programs\Python\Python313\Lib\site-packages\sqlalchemy\engine\result.py:471: in _row_getter
    key_to_index = metadata._key_to_index
                   ^^^^^^^^^^^^^^^^^^^^^^
..\..\AppData\Local\Programs\Python\Python313\Lib\site-packages\sqlalchemy\engine\cursor.py:1366: in _key_to_index
    self._we_dont_return_rows()
_ _ _ _ _ _ _ _ _ _ _ _ _ _ _ _ _ _ _ _ _ _ _ _ _ _ _ _ _ _ _ _ _ _ _ _ _ _ _ _

self = <sqlalchemy.engine.cursor._NoResultMetaData object at 0x000001FCBF746C80>
err = None

    def _we_dont_return_rows(self, err=None):
>       raise exc.ResourceClosedError(
            "This result object does not return rows. "
            "It has been closed automatically."
        ) from err
E       sqlalchemy.exc.ResourceClosedError: This result object does not return rows. It has been closed automatically.

..\..\AppData\Local\Programs\Python\Python313\Lib\site-packages\sqlalchemy\engine\cursor.py:1346: ResourceClosedError
________________ TestInitDbIntegration.test_init_db_full_flow _________________

self = <test_init_db.TestInitDbIntegration object at 0x000001FCDB588A50>
test_engine = Engine(postgresql://writer:***@127.0.0.1:5433/writeros_test)

    @pytest.mark.integration
    @patch.dict(os.environ, {"WRITEROS_MODE": "local", "VAULT_PATH": "/test/vault"})
    def test_init_db_full_flow(self, test_engine):
        """Test complete init_db flow creates usable database."""
        # Run init_db
>       init_db()

tests\utils\test_init_db.py:342: 
_ _ _ _ _ _ _ _ _ _ _ _ _ _ _ _ _ _ _ _ _ _ _ _ _ _ _ _ _ _ _ _ _ _ _ _ _ _ _ _
src\writeros\utils\db.py:135: in init_db
    ensure_default_user_and_vault()
src\writeros\utils\db.py:232: in ensure_default_user_and_vault
    write_uuid_to_filesystem(vault.id, vault_path)
src\writeros\utils\db.py:298: in write_uuid_to_filesystem
    config_dir.mkdir(exist_ok=True)
_ _ _ _ _ _ _ _ _ _ _ _ _ _ _ _ _ _ _ _ _ _ _ _ _ _ _ _ _ _ _ _ _ _ _ _ _ _ _ _

self = WindowsPath('/test/vault/.writeros'), mode = 511, parents = False
exist_ok = True

    def mkdir(self, mode=0o777, parents=False, exist_ok=False):
        """
        Create a new directory at this given path.
        """
        try:
>           os.mkdir(self, mode)
E           FileNotFoundError: [WinError 3] The system cannot find the path specified: '\\test\\vault\\.writeros'

..\..\AppData\Local\Programs\Python\Python313\Lib\pathlib\_local.py:722: FileNotFoundError
------------------------------ Captured log call ------------------------------
ERROR    writeros.utils.db:db.py:142 [2m2025-11-25T20:41:51.516556Z[0m [[31m[1merror    [0m] [1mdatabase_connection_failed    [0m [36mattempt[0m=[35m1[0m [36merror[0m=[35m"[WinError 3] The system cannot find the path specified: '\\\\test\\\\vault\\\\.writeros'"[0m
ERROR    writeros.utils.db:db.py:142 [2m2025-11-25T20:41:53.630058Z[0m [[31m[1merror    [0m] [1mdatabase_connection_failed    [0m [36mattempt[0m=[35m2[0m [36merror[0m=[35m"[WinError 3] The system cannot find the path specified: '\\\\test\\\\vault\\\\.writeros'"[0m
ERROR    writeros.utils.db:db.py:142 [2m2025-11-25T20:41:55.708095Z[0m [[31m[1merror    [0m] [1mdatabase_connection_failed    [0m [36mattempt[0m=[35m3[0m [36merror[0m=[35m"[WinError 3] The system cannot find the path specified: '\\\\test\\\\vault\\\\.writeros'"[0m
ERROR    writeros.utils.db:db.py:142 [2m2025-11-25T20:41:57.787281Z[0m [[31m[1merror    [0m] [1mdatabase_connection_failed    [0m [36mattempt[0m=[35m4[0m [36merror[0m=[35m"[WinError 3] The system cannot find the path specified: '\\\\test\\\\vault\\\\.writeros'"[0m
ERROR    writeros.utils.db:db.py:142 [2m2025-11-25T20:41:59.865601Z[0m [[31m[1merror    [0m] [1mdatabase_connection_failed    [0m [36mattempt[0m=[35m5[0m [36merror[0m=[35m"[WinError 3] The system cannot find the path specified: '\\\\test\\\\vault\\\\.writeros'"[0m
CRITICAL writeros.utils.db:db.py:147 [2m2025-11-25T20:41:59.865825Z[0m [[31m[1mcritical [0m] [1minitialization_failed         [0m
============================== warnings summary ===============================
src\writeros\config.py:4
  C:\Users\rahme\IdeaProjects\YouTube Transcript Agent\src\writeros\config.py:4: PydanticDeprecatedSince20: Support for class-based `config` is deprecated, use ConfigDict instead. Deprecated in Pydantic V2.0 to be removed in V3.0. See Pydantic V2 Migration Guide at https://errors.pydantic.dev/2.12/migration/
    class Settings(BaseSettings):

src\writeros\api\app.py:113
  C:\Users\rahme\IdeaProjects\YouTube Transcript Agent\src\writeros\api\app.py:113: DeprecationWarning: 
          on_event is deprecated, use lifespan event handlers instead.
  
          Read more about it in the
          [FastAPI docs for Lifespan Events](https://fastapi.tiangolo.com/advanced/events/).
          
    @app.on_event("startup")

..\..\AppData\Local\Programs\Python\Python313\Lib\site-packages\fastapi\applications.py:4575
..\..\AppData\Local\Programs\Python\Python313\Lib\site-packages\fastapi\applications.py:4575
  C:\Users\rahme\AppData\Local\Programs\Python\Python313\Lib\site-packages\fastapi\applications.py:4575: DeprecationWarning: 
          on_event is deprecated, use lifespan event handlers instead.
  
          Read more about it in the
          [FastAPI docs for Lifespan Events](https://fastapi.tiangolo.com/advanced/events/).
          
    return self.router.on_event(event_type)

src\writeros\api\app.py:128
  C:\Users\rahme\IdeaProjects\YouTube Transcript Agent\src\writeros\api\app.py:128: DeprecationWarning: 
          on_event is deprecated, use lifespan event handlers instead.
  
          Read more about it in the
          [FastAPI docs for Lifespan Events](https://fastapi.tiangolo.com/advanced/events/).
          
    @app.on_event("shutdown")

tests/agents/test_profiler_agent.py: 66 warnings
tests/api/test_legacy_compatibility.py: 6 warnings
tests/integration/test_conflict_integration.py: 6 warnings
tests/integration/test_obsidian_plugin_e2e.py: 16 warnings
tests/integration/test_rag_pipeline_e2e.py: 222 warnings
tests/rag/test_graph_rag.py: 72 warnings
tests/rag/test_vector_search.py: 40 warnings
tests/schema/test_conflict_model.py: 6 warnings
tests/test_graph_generation.py: 12 warnings
tests/utils/test_indexer_integration.py: 114 warnings
tests/utils/test_init_db.py: 10 warnings
  C:\Users\rahme\AppData\Local\Programs\Python\Python313\Lib\site-packages\pydantic\fields.py:747: DeprecationWarning: datetime.datetime.utcnow() is deprecated and scheduled for removal in a future version. Use timezone-aware objects to represent datetimes in UTC: datetime.datetime.now(datetime.UTC).
    return fac()

tests/integration/test_obsidian_plugin_e2e.py::TestObsidianPluginPerformance::test_indexing_provides_progress_feedback
  C:\Users\rahme\AppData\Local\Programs\Python\Python313\Lib\site-packages\anyio\_backends\_asyncio.py:976: RuntimeWarning: coroutine 'VaultIndexer.index_vault' was never awaited
    result = context.run(func, *args)
  Enable tracemalloc to get traceback where the object was allocated.
  See https://docs.pytest.org/en/stable/how-to/capture-warnings.html#resource-warnings for more info.

tests/test_vault_config.py::test_get_or_create_vault_id_creates_config
  C:\Users\rahme\IdeaProjects\YouTube Transcript Agent\src\writeros\utils\vault_config.py:34: DeprecationWarning: datetime.datetime.utcnow() is deprecated and scheduled for removal in a future version. Use timezone-aware objects to represent datetimes in UTC: datetime.datetime.now(datetime.UTC).
    'created_at': datetime.utcnow().isoformat(),

tests/test_vault_config.py::test_update_vault_config_preserves_existing_values
  C:\Users\rahme\IdeaProjects\YouTube Transcript Agent\src\writeros\utils\vault_config.py:98: DeprecationWarning: datetime.datetime.utcnow() is deprecated and scheduled for removal in a future version. Use timezone-aware objects to represent datetimes in UTC: datetime.datetime.now(datetime.UTC).
    config['updated_at'] = datetime.utcnow().isoformat()

-- Docs: https://docs.pytest.org/en/stable/how-to/capture-warnings.html
=============================== tests coverage ================================
_______________ coverage: platform win32, python 3.13.7-final-0 _______________

Name                                                     Stmts   Miss  Cover   Missing
--------------------------------------------------------------------------------------
src\writeros\__init__.py                                     1      0   100%
src\writeros\agents\__init__.py                             22     10    55%   14-23
src\writeros\agents\architect.py                           136    107    21%   22-27, 36-158, 173-210, 220-251, 261-281, 287-305, 324-325
src\writeros\agents\base.py                                 22      2    91%   31-32
src\writeros\agents\chronologist.py                         22      6    73%   25-26, 30-57
src\writeros\agents\dramatist.py                           150    115    23%   38-53, 64-87, 91-114, 118-141, 154-191, 204-248, 252-268, 272-289, 313
src\writeros\agents\mechanic.py                             31      6    81%   39-40, 43-68
src\writeros\agents\navigator.py                            26      6    77%   34-35, 38-59
src\writeros\agents\orchestrator.py                        105     76    28%   37-38, 51-83, 89-103, 117-127, 135-155, 162-234
src\writeros\agents\producer.py                            203    170    16%   19-27, 30-32, 36-45, 53-63, 67-85, 89-97, 101-110, 114-121, 129-159, 163-199, 207-219, 223-243, 247-264, 272-279, 283-291, 295-305, 313-331, 339-382
src\writeros\agents\profiler.py                            201     41    80%   175-176, 192-193, 214, 224-240, 297, 366, 380, 386, 490-529
src\writeros\agents\psychologist.py                         40     16    60%   38-39, 42-66, 73-92
src\writeros\agents\stylist.py                              14      7    50%   8, 12-13, 16-49
src\writeros\agents\theorist.py                             34      6    82%   37-39, 42-65
src\writeros\agents\tools.py                                31     31     0%   5-76
src\writeros\agents\tools_registry.py                      129    107    17%   56, 276-304, 323-378, 392-437, 451-496, 508-549, 562-577, 589-620, 631-660
src\writeros\api\__init__.py                                 0      0   100%
src\writeros\api\app.py                                    223    101    55%   60-66, 116-125, 131, 272-277, 302-349, 410-463, 480-498, 521-580, 590-591, 609
src\writeros\cli\__init__.py                                 0      0   100%
src\writeros\cli\main.py                                    41     41     0%   1-83
src\writeros\config.py                                      16      2    88%   26, 33
src\writeros\core\__init__.py                                0      0   100%
src\writeros\core\logging.py                                13      1    92%   32
src\writeros\graphs\__init__.py                              0      0   100%
src\writeros\preprocessing\__init__.py                       4      0   100%
src\writeros\preprocessing\chunker.py                       78      3    96%   118, 134-135
src\writeros\preprocessing\cluster_semantic_chunker.py     155     10    94%   58-60, 90, 156, 213-216, 252, 283
src\writeros\preprocessing\unified_chunker.py              160      2    99%   41, 79
src\writeros\rag\__init__.py                                 2      2     0%   1-3
src\writeros\rag\retriever.py                               74     74     0%   5-171
src\writeros\schema\__init__.py                             18      0   100%
src\writeros\schema\api.py                                  22      0   100%
src\writeros\schema\base.py                                 12      0   100%
src\writeros\schema\enums.py                               132      0   100%
src\writeros\schema\extended_universe.py                    90      0   100%
src\writeros\schema\graph.py                                16      0   100%
src\writeros\schema\identity.py                             41      0   100%
src\writeros\schema\library.py                              74      9    88%   51-61, 127
src\writeros\schema\logistics.py                            17      0   100%
src\writeros\schema\mechanics.py                            20      0   100%
src\writeros\schema\narrative.py                            19      0   100%
src\writeros\schema\project.py                              13      0   100%
src\writeros\schema\prose.py                                14      0   100%
src\writeros\schema\psychology.py                           37      0   100%
src\writeros\schema\session.py                              27      0   100%
src\writeros\schema\temporal_anchoring.py                   54      0   100%
src\writeros\schema\theme.py                                16      0   100%
src\writeros\schema\world.py                                80      0   100%
src\writeros\services\__init__.py                            0      0   100%
src\writeros\services\conflict_engine.py                    31     11    65%   48-64
src\writeros\tasks\__init__.py                               0      0   100%
src\writeros\utils\db.py                                   143     14    90%   17-23, 137, 236-239, 251-252, 267, 294, 313, 323
src\writeros\utils\embeddings.py                            41      0   100%
src\writeros\utils\indexer.py                               87      5    94%   90-96, 208, 214
src\writeros\utils\vault_config.py                          33      2    94%   72, 90
src\writeros\utils\vault_reader.py                         100      5    95%   57-58, 64-65, 98
src\writeros\utils\writer.py                               178    144    19%   36-44, 47-49, 52, 55, 58-62, 67-89, 93-130, 135-194, 197-235, 238-266, 269-274, 278-366
--------------------------------------------------------------------------------------
TOTAL                                                     3248   1132    65%
Coverage HTML written to dir htmlcov
=========================== short test summary info ===========================
FAILED tests/api/test_legacy_compatibility.py::TestAnalyzeEndpoint::test_analyze_accepts_plugin_format
FAILED tests/api/test_legacy_compatibility.py::TestAnalyzeEndpoint::test_analyze_returns_404_for_nonexistent_vault
FAILED tests/api/test_legacy_compatibility.py::TestChatStreamEndpoint::test_chat_stream_rejects_invalid_vault_id
FAILED tests/preprocessing/test_semantic_chunker.py::TestSemanticChunker::test_coherence_score_varied_similarity
FAILED tests/test_graph_generation.py::TestGraphScriptDatabaseConnection::test_script_initializes_database_connection
FAILED tests/test_server_launcher.py::TestServerLauncherIntegration::test_server_help_output
FAILED tests/utils/test_init_db.py::TestEnsureDefaultUserAndVault::test_creates_admin_user_in_local_mode
FAILED tests/utils/test_init_db.py::TestEnsureDefaultUserAndVault::test_creates_default_vault_in_local_mode
FAILED tests/utils/test_init_db.py::TestEnsureDefaultUserAndVault::test_does_not_duplicate_admin_user
FAILED tests/utils/test_init_db.py::TestEnsureDefaultUserAndVault::test_vault_has_owner_link
FAILED tests/utils/test_init_db.py::TestUUIDPreservation::test_ensure_default_vault_preserves_existing_uuid
FAILED tests/utils/test_init_db.py::TestInitDbIntegration::test_init_db_full_flow
ERROR tests/api/test_legacy_compatibility.py::TestAnalyzeEndpoint::test_analyze_triggers_background_task
ERROR tests/test_graph_generation.py::TestGraphScriptWithDatabase::test_script_generates_html_file
===== 12 failed, 213 passed, 1 skipped, 578 warnings, 2 errors in 51.18s ======
