============================= test session starts =============================
platform win32 -- Python 3.13.7, pytest-8.4.2, pluggy-1.6.0 -- C:\Users\rahme\AppData\Local\Programs\Python\Python313\python.exe
cachedir: .pytest_cache
rootdir: C:\Users\rahme\IdeaProjects\YouTube Transcript Agent
configfile: pyproject.toml
plugins: anyio-4.11.0, Faker-38.2.0, langsmith-0.4.45, asyncio-1.3.0, cov-7.0.0, mock-3.15.1
asyncio: mode=Mode.AUTO, debug=False, asyncio_default_fixture_loop_scope=None, asyncio_default_test_loop_scope=function
collecting ... collected 5 items

tests/integration/test_rag_pipeline_e2e.py::TestRAGPipelineE2E::test_full_ingestion_pipeline FAILED [ 20%]
tests/integration/test_rag_pipeline_e2e.py::TestRAGPipelineE2E::test_full_retrieval_pipeline PASSED [ 40%]
tests/integration/test_rag_pipeline_e2e.py::TestRAGPipelineE2E::test_graphrag_query_with_multi_hop PASSED [ 60%]
tests/integration/test_rag_pipeline_e2e.py::TestRAGPipelinePerformance::test_large_document_chunking FAILED [ 80%]
tests/integration/test_rag_pipeline_e2e.py::TestRAGPipelinePerformance::test_vector_search_performance PASSED [100%]

================================== FAILURES ===================================
_______________ TestRAGPipelineE2E.test_full_ingestion_pipeline _______________

self = <test_rag_pipeline_e2e.TestRAGPipelineE2E object at 0x0000024384750A50>
test_vault = WindowsPath('C:/Users/rahme/AppData/Local/Temp/pytest-of-rahme/pytest-24/test_full_ingestion_pipeline0/test_vault')
db_session = <sqlmodel.orm.session.Session object at 0x00000243847CACF0>
mock_embedding_service = <MagicMock name='EmbeddingService()' id='2489008829648'>

    @pytest.mark.asyncio
    async def test_full_ingestion_pipeline(
        self,
        test_vault,
        db_session,
        mock_embedding_service
    ):
        """Test: Ingest markdown \u2192 Chunk \u2192 Embed \u2192 Store."""
        vault_id = uuid4()
    
        # Create indexer
>       indexer = VaultIndexer(
            vault_path=str(test_vault),
            vault_id=vault_id
        )

tests\integration\test_rag_pipeline_e2e.py:81: 
_ _ _ _ _ _ _ _ _ _ _ _ _ _ _ _ _ _ _ _ _ _ _ _ _ _ _ _ _ _ _ _ _ _ _ _ _ _ _ _
src\writeros\utils\indexer.py:47: in __init__
    self.embedder = get_embedding_service()
                    ^^^^^^^^^^^^^^^^^^^^^^^
src\writeros\utils\embeddings.py:75: in get_embedding_service
    return _embedding_service_factory(embedding_model)
           ^^^^^^^^^^^^^^^^^^^^^^^^^^^^^^^^^^^^^^^^^^^
_ _ _ _ _ _ _ _ _ _ _ _ _ _ _ _ _ _ _ _ _ _ _ _ _ _ _ _ _ _ _ _ _ _ _ _ _ _ _ _

cls = <class 'writeros.utils.embeddings.EmbeddingService'>, model = None

    def __new__(cls, model: Optional[str] = None):
        embedding_model = model or DEFAULT_EMBEDDING_MODEL
    
        if embedding_model not in cls._instances:
>           instance = super(EmbeddingService, cls).__new__(cls)
                       ^^^^^^^^^^^^^^^^^^^^^^^^^^^^^^^^^^^^
E           TypeError: super() argument 1 must be a type, not MagicMock

src\writeros\utils\embeddings.py:25: TypeError
---------------------------- Captured stdout call -----------------------------
2025-11-25 15:25:25 [info     ] unified_chunker_initialized    cache_enabled=True cache_size=1000 strategy=auto
___________ TestRAGPipelinePerformance.test_large_document_chunking ___________

self = <test_rag_pipeline_e2e.TestRAGPipelinePerformance object at 0x0000024384750CD0>
tmp_path = WindowsPath('C:/Users/rahme/AppData/Local/Temp/pytest-of-rahme/pytest-24/test_large_document_chunking0')
mock_embedding_service = <MagicMock name='EmbeddingService()' id='2489015145472'>

    @pytest.mark.asyncio
    @pytest.mark.slow
    async def test_large_document_chunking(self, tmp_path, mock_embedding_service):
        """Test chunking performance with large documents."""
        from writeros.preprocessing.chunker import SemanticChunker
    
        # Create a large document (~2000 words, 500 sentences)
        # Reduced from 5000 to balance test coverage vs. performance
        large_text = " ".join([f"Sentence number {i}." for i in range(500)])
    
        chunker = SemanticChunker(min_chunk_size=100, max_chunk_size=400)
    
        # This should complete in reasonable time
        import time
        start = time.time()
>       chunks = await chunker.chunk_document(large_text)
                 ^^^^^^^^^^^^^^^^^^^^^^^^^^^^^^^^^^^^^^^^

tests\integration\test_rag_pipeline_e2e.py:258: 
_ _ _ _ _ _ _ _ _ _ _ _ _ _ _ _ _ _ _ _ _ _ _ _ _ _ _ _ _ _ _ _ _ _ _ _ _ _ _ _
src\writeros\preprocessing\chunker.py:52: in chunk_document
    embeddings = await self.embedder.get_embeddings(segments)
                       ^^^^^^^^^^^^^
src\writeros\preprocessing\chunker.py:38: in embedder
    self._embedder = factory(self.embedding_model)
                     ^^^^^^^^^^^^^^^^^^^^^^^^^^^^^
src\writeros\utils\embeddings.py:75: in get_embedding_service
    return _embedding_service_factory(embedding_model)
           ^^^^^^^^^^^^^^^^^^^^^^^^^^^^^^^^^^^^^^^^^^^
_ _ _ _ _ _ _ _ _ _ _ _ _ _ _ _ _ _ _ _ _ _ _ _ _ _ _ _ _ _ _ _ _ _ _ _ _ _ _ _

cls = <class 'writeros.utils.embeddings.EmbeddingService'>
model = 'text-embedding-3-small'

    def __new__(cls, model: Optional[str] = None):
        embedding_model = model or DEFAULT_EMBEDDING_MODEL
    
        if embedding_model not in cls._instances:
>           instance = super(EmbeddingService, cls).__new__(cls)
                       ^^^^^^^^^^^^^^^^^^^^^^^^^^^^^^^^^^^^
E           TypeError: super() argument 1 must be a type, not MagicMock

src\writeros\utils\embeddings.py:25: TypeError
============================== warnings summary ===============================
src\writeros\config.py:4
  C:\Users\rahme\IdeaProjects\YouTube Transcript Agent\src\writeros\config.py:4: PydanticDeprecatedSince20: Support for class-based `config` is deprecated, use ConfigDict instead. Deprecated in Pydantic V2.0 to be removed in V3.0. See Pydantic V2 Migration Guide at https://errors.pydantic.dev/2.12/migration/
    class Settings(BaseSettings):

tests/integration/test_rag_pipeline_e2e.py: 214 warnings
  C:\Users\rahme\AppData\Local\Programs\Python\Python313\Lib\site-packages\pydantic\fields.py:747: DeprecationWarning: datetime.datetime.utcnow() is deprecated and scheduled for removal in a future version. Use timezone-aware objects to represent datetimes in UTC: datetime.datetime.now(datetime.UTC).
    return fac()

-- Docs: https://docs.pytest.org/en/stable/how-to/capture-warnings.html
=============================== tests coverage ================================
_______________ coverage: platform win32, python 3.13.7-final-0 _______________

Name                                                     Stmts   Miss  Cover   Missing
--------------------------------------------------------------------------------------
src\writeros\__init__.py                                     1      0   100%
src\writeros\agents\__init__.py                             22     10    55%   14-23
src\writeros\agents\architect.py                           136    116    15%   15-16, 22-27, 36-158, 173-210, 220-251, 261-281, 287-305, 311-327
src\writeros\agents\base.py                                 22      2    91%   31-32
src\writeros\agents\chronologist.py                         22      6    73%   25-26, 30-57
src\writeros\agents\dramatist.py                           150    128    15%   22-27, 38-53, 64-87, 91-114, 118-141, 154-191, 204-248, 252-268, 272-289, 300-317
src\writeros\agents\mechanic.py                             31      6    81%   39-40, 43-68
src\writeros\agents\navigator.py                            26      6    77%   34-35, 38-59
src\writeros\agents\orchestrator.py                         68     68     0%   5-149
src\writeros\agents\producer.py                            203    170    16%   19-27, 30-32, 36-45, 53-63, 67-85, 89-97, 101-110, 114-121, 129-159, 163-199, 207-219, 223-243, 247-264, 272-279, 283-291, 295-305, 313-331, 339-382
src\writeros\agents\profiler.py                            201    125    38%   58-80, 106-274, 285-303, 366, 380, 386, 399-410, 449, 453-456, 490-529
src\writeros\agents\psychologist.py                         40     16    60%   38-39, 42-66, 73-92
src\writeros\agents\stylist.py                              14      7    50%   8, 12-13, 16-49
src\writeros\agents\theorist.py                             34      6    82%   37-39, 42-65
src\writeros\agents\tools.py                                31     31     0%   5-76
src\writeros\api\__init__.py                                 0      0   100%
src\writeros\api\app.py                                    223    223     0%   13-609
src\writeros\cli\__init__.py                                 0      0   100%
src\writeros\cli\main.py                                    41     41     0%   1-83
src\writeros\config.py                                      16      2    88%   26, 33
src\writeros\core\__init__.py                                0      0   100%
src\writeros\core\logging.py                                13      6    54%   14-42
src\writeros\graphs\__init__.py                              0      0   100%
src\writeros\preprocessing\__init__.py                       4      0   100%
src\writeros\preprocessing\chunker.py                       78     46    41%   39, 49, 55-57, 78-114, 117-143
src\writeros\preprocessing\cluster_semantic_chunker.py     155    134    14%   51-65, 82-130, 150-190, 194-197, 206-218, 233-268, 282-291, 313-362, 370-377, 385-406
src\writeros\preprocessing\unified_chunker.py              160    109    32%   40-41, 56-66, 70-80, 84, 88-91, 101-104, 175-224, 236-243, 247-261, 270-279, 290-329, 337-351, 358-368, 372-374, 404-405
src\writeros\rag\__init__.py                                 2      2     0%   1-3
src\writeros\rag\retriever.py                               74     74     0%   5-171
src\writeros\schema\__init__.py                             18      0   100%
src\writeros\schema\api.py                                  22      0   100%
src\writeros\schema\base.py                                 12      0   100%
src\writeros\schema\enums.py                               132      0   100%
src\writeros\schema\extended_universe.py                    90      0   100%
src\writeros\schema\graph.py                                16      0   100%
src\writeros\schema\identity.py                             41      0   100%
src\writeros\schema\library.py                              74      9    88%   51-61, 127
src\writeros\schema\logistics.py                            17      0   100%
src\writeros\schema\mechanics.py                            20      0   100%
src\writeros\schema\narrative.py                            19      0   100%
src\writeros\schema\project.py                              13      0   100%
src\writeros\schema\prose.py                                14      0   100%
src\writeros\schema\psychology.py                           37      0   100%
src\writeros\schema\session.py                              27      0   100%
src\writeros\schema\temporal_anchoring.py                   54      0   100%
src\writeros\schema\theme.py                                16      0   100%
src\writeros\schema\world.py                                80      0   100%
src\writeros\services\__init__.py                            0      0   100%
src\writeros\services\conflict_engine.py                    31     21    32%   11-16, 20-44, 48-64
src\writeros\tasks\__init__.py                               0      0   100%
src\writeros\utils\db.py                                   143    121    15%   17-23, 70-148, 162-241, 251-252, 262-284, 291-302, 310-325, 336-346
src\writeros\utils\embeddings.py                            41     13    68%   26-29, 32-42, 46, 50, 54
src\writeros\utils\indexer.py                               81     59    27%   49, 64-104, 112-190, 194-207, 216, 220-221
--------------------------------------------------------------------------------------
TOTAL                                                     2765   1557    44%
Coverage HTML written to dir htmlcov
=========================== short test summary info ===========================
FAILED tests/integration/test_rag_pipeline_e2e.py::TestRAGPipelineE2E::test_full_ingestion_pipeline
FAILED tests/integration/test_rag_pipeline_e2e.py::TestRAGPipelinePerformance::test_large_document_chunking
================== 2 failed, 3 passed, 215 warnings in 2.15s ==================
