============================= test session starts =============================
platform win32 -- Python 3.13.7, pytest-8.4.2, pluggy-1.6.0 -- C:\Users\rahme\AppData\Local\Programs\Python\Python313\python.exe
cachedir: .pytest_cache
rootdir: C:\Users\rahme\IdeaProjects\YouTube Transcript Agent
configfile: pyproject.toml
plugins: anyio-4.11.0, Faker-38.2.0, langsmith-0.4.45, asyncio-1.3.0, cov-7.0.0, mock-3.15.1
asyncio: mode=Mode.AUTO, debug=False, asyncio_default_fixture_loop_scope=None, asyncio_default_test_loop_scope=function
collecting ... collected 23 items

tests/integration/test_conflict_integration.py::test_architect_conflict_integration PASSED [  4%]
tests/integration/test_conflict_integration.py::test_dramatist_conflict_integration PASSED [  8%]
tests/integration/test_obsidian_plugin_e2e.py::TestObsidianPluginStartup::test_server_can_start PASSED [ 13%]
tests/integration/test_obsidian_plugin_e2e.py::TestObsidianPluginStartup::test_init_db_creates_default_entities PASSED [ 17%]
tests/integration/test_obsidian_plugin_e2e.py::TestObsidianPluginHealthCheck::test_health_check_responds PASSED [ 21%]
tests/integration/test_obsidian_plugin_e2e.py::TestObsidianPluginHealthCheck::test_plugin_can_detect_server_running PASSED [ 26%]
tests/integration/test_obsidian_plugin_e2e.py::TestObsidianPluginVaultAnalysis::test_analyze_endpoint_accepts_vault PASSED [ 30%]
tests/integration/test_obsidian_plugin_e2e.py::TestObsidianPluginVaultAnalysis::test_full_vault_indexing_flow FAILED [ 34%]
tests/integration/test_obsidian_plugin_e2e.py::TestObsidianPluginChat::test_chat_stream_endpoint PASSED [ 39%]
tests/integration/test_obsidian_plugin_e2e.py::TestObsidianPluginChat::test_chat_returns_sse_format PASSED [ 43%]
tests/integration/test_obsidian_plugin_e2e.py::TestObsidianPluginGraphGeneration::test_graph_script_can_execute PASSED [ 47%]
tests/integration/test_obsidian_plugin_e2e.py::TestObsidianPluginGraphGeneration::test_graph_generation_outputs_path PASSED [ 52%]
tests/integration/test_obsidian_plugin_e2e.py::TestObsidianPluginCompleteWorkflow::test_complete_plugin_workflow_sequence PASSED [ 56%]
tests/integration/test_obsidian_plugin_e2e.py::TestObsidianPluginCompleteWorkflow::test_plugin_error_recovery PASSED [ 60%]
tests/integration/test_obsidian_plugin_e2e.py::TestObsidianPluginDataPersistence::test_vault_id_persists_to_filesystem PASSED [ 65%]
tests/integration/test_obsidian_plugin_e2e.py::TestObsidianPluginDataPersistence::test_indexed_data_persists FAILED [ 69%]
tests/integration/test_obsidian_plugin_e2e.py::TestObsidianPluginPerformance::test_health_check_is_fast PASSED [ 73%]
tests/integration/test_obsidian_plugin_e2e.py::TestObsidianPluginPerformance::test_indexing_provides_progress_feedback PASSED [ 78%]
tests/integration/test_rag_pipeline_e2e.py::TestRAGPipelineE2E::test_full_ingestion_pipeline PASSED [ 82%]
tests/integration/test_rag_pipeline_e2e.py::TestRAGPipelineE2E::test_full_retrieval_pipeline PASSED [ 86%]
tests/integration/test_rag_pipeline_e2e.py::TestRAGPipelineE2E::test_graphrag_query_with_multi_hop PASSED [ 91%]
tests/integration/test_rag_pipeline_e2e.py::TestRAGPipelinePerformance::test_large_document_chunking PASSED [ 95%]
tests/integration/test_rag_pipeline_e2e.py::TestRAGPipelinePerformance::test_vector_search_performance PASSED [100%]

================================== FAILURES ===================================
________ TestObsidianPluginVaultAnalysis.test_full_vault_indexing_flow ________

self = <test_obsidian_plugin_e2e.TestObsidianPluginVaultAnalysis object at 0x000001B2145611D0>
initialized_database = None
test_vault_directory = WindowsPath('C:/Users/rahme/AppData/Local/Temp/pytest-of-rahme/pytest-26/obsidian_vault0')
mock_embedding_service = <MagicMock name='EmbeddingService()' id='1864372467568'>

    @pytest.mark.integration
    @pytest.mark.slow
    def test_full_vault_indexing_flow(self, initialized_database, test_vault_directory, mock_embedding_service):
        """Test complete vault indexing with VaultIndexer."""
        # Get or create vault
        with Session(engine) as session:
            vault = session.exec(select(Vault)).first()
            if not vault:
                pytest.skip("No vault available for testing")
    
        # Create indexer
        indexer = VaultIndexer(
            vault_path=str(test_vault_directory),
            vault_id=vault.id,
            chunking_strategy="auto"
        )
    
        # Run indexing (this will actually index the files)
>       result = indexer.index_vault(force_reindex=True)
                 ^^^^^^^^^^^^^^^^^^^^^^^^^^^^^^^^^^^^^^^
E       TypeError: VaultIndexer.index_vault() got an unexpected keyword argument 'force_reindex'

tests\integration\test_obsidian_plugin_e2e.py:221: TypeError
________ TestObsidianPluginDataPersistence.test_indexed_data_persists _________

self = <test_obsidian_plugin_e2e.TestObsidianPluginDataPersistence object at 0x000001B214561BD0>
initialized_database = None
test_vault_directory = WindowsPath('C:/Users/rahme/AppData/Local/Temp/pytest-of-rahme/pytest-26/obsidian_vault0')
mock_embedding_service = <MagicMock name='EmbeddingService()' id='1864391714400'>

    @pytest.mark.integration
    def test_indexed_data_persists(self, initialized_database, test_vault_directory, mock_embedding_service):
        """Test that indexed documents persist in database."""
        with Session(engine) as session:
            vault = session.exec(select(Vault)).first()
            if not vault:
                pytest.skip("No vault available")
    
        # Index vault
        indexer = VaultIndexer(
            vault_path=str(test_vault_directory),
            vault_id=vault.id
        )
>       indexer.index_vault(force_reindex=True)
E       TypeError: VaultIndexer.index_vault() got an unexpected keyword argument 'force_reindex'

tests\integration\test_obsidian_plugin_e2e.py:450: TypeError
============================== warnings summary ===============================
src\writeros\config.py:4
  C:\Users\rahme\IdeaProjects\YouTube Transcript Agent\src\writeros\config.py:4: PydanticDeprecatedSince20: Support for class-based `config` is deprecated, use ConfigDict instead. Deprecated in Pydantic V2.0 to be removed in V3.0. See Pydantic V2 Migration Guide at https://errors.pydantic.dev/2.12/migration/
    class Settings(BaseSettings):

tests/integration/test_conflict_integration.py: 6 warnings
tests/integration/test_obsidian_plugin_e2e.py: 4 warnings
tests/integration/test_rag_pipeline_e2e.py: 222 warnings
  C:\Users\rahme\AppData\Local\Programs\Python\Python313\Lib\site-packages\pydantic\fields.py:747: DeprecationWarning: datetime.datetime.utcnow() is deprecated and scheduled for removal in a future version. Use timezone-aware objects to represent datetimes in UTC: datetime.datetime.now(datetime.UTC).
    return fac()

tests/integration/test_obsidian_plugin_e2e.py::TestObsidianPluginHealthCheck::test_health_check_responds
  C:\Users\rahme\IdeaProjects\YouTube Transcript Agent\src\writeros\api\app.py:113: DeprecationWarning: 
          on_event is deprecated, use lifespan event handlers instead.
  
          Read more about it in the
          [FastAPI docs for Lifespan Events](https://fastapi.tiangolo.com/advanced/events/).
          
    @app.on_event("startup")

tests/integration/test_obsidian_plugin_e2e.py::TestObsidianPluginHealthCheck::test_health_check_responds
tests/integration/test_obsidian_plugin_e2e.py::TestObsidianPluginHealthCheck::test_health_check_responds
  C:\Users\rahme\AppData\Local\Programs\Python\Python313\Lib\site-packages\fastapi\applications.py:4575: DeprecationWarning: 
          on_event is deprecated, use lifespan event handlers instead.
  
          Read more about it in the
          [FastAPI docs for Lifespan Events](https://fastapi.tiangolo.com/advanced/events/).
          
    return self.router.on_event(event_type)

tests/integration/test_obsidian_plugin_e2e.py::TestObsidianPluginHealthCheck::test_health_check_responds
  C:\Users\rahme\IdeaProjects\YouTube Transcript Agent\src\writeros\api\app.py:128: DeprecationWarning: 
          on_event is deprecated, use lifespan event handlers instead.
  
          Read more about it in the
          [FastAPI docs for Lifespan Events](https://fastapi.tiangolo.com/advanced/events/).
          
    @app.on_event("shutdown")

-- Docs: https://docs.pytest.org/en/stable/how-to/capture-warnings.html
=============================== tests coverage ================================
_______________ coverage: platform win32, python 3.13.7-final-0 _______________

Name                                                     Stmts   Miss  Cover   Missing
--------------------------------------------------------------------------------------
src\writeros\__init__.py                                     1      0   100%
src\writeros\agents\__init__.py                             22     10    55%   14-23
src\writeros\agents\architect.py                           136    107    21%   22-27, 36-158, 173-210, 220-251, 261-281, 287-305, 324-325
src\writeros\agents\base.py                                 22      2    91%   31-32
src\writeros\agents\chronologist.py                         22      6    73%   25-26, 30-57
src\writeros\agents\dramatist.py                           150    115    23%   38-53, 64-87, 91-114, 118-141, 154-191, 204-248, 252-268, 272-289, 313
src\writeros\agents\mechanic.py                             31      6    81%   39-40, 43-68
src\writeros\agents\navigator.py                            26      6    77%   34-35, 38-59
src\writeros\agents\orchestrator.py                         68     47    31%   21-26, 38-66, 75-81, 84-93, 99-114, 120-129, 132-146, 149
src\writeros\agents\producer.py                            203    170    16%   19-27, 30-32, 36-45, 53-63, 67-85, 89-97, 101-110, 114-121, 129-159, 163-199, 207-219, 223-243, 247-264, 272-279, 283-291, 295-305, 313-331, 339-382
src\writeros\agents\profiler.py                            201    125    38%   58-80, 106-274, 285-303, 366, 380, 386, 399-410, 449, 453-456, 490-529
src\writeros\agents\psychologist.py                         40     16    60%   38-39, 42-66, 73-92
src\writeros\agents\stylist.py                              14      7    50%   8, 12-13, 16-49
src\writeros\agents\theorist.py                             34      6    82%   37-39, 42-65
src\writeros\agents\tools.py                                31     31     0%   5-76
src\writeros\api\__init__.py                                 0      0   100%
src\writeros\api\app.py                                    223    109    51%   60-66, 116-125, 131, 188, 218-220, 258-261, 272-277, 302-349, 410-463, 480-498, 521-580, 590-591, 609
src\writeros\cli\__init__.py                                 0      0   100%
src\writeros\cli\main.py                                    41     41     0%   1-83
src\writeros\config.py                                      16      2    88%   26, 33
src\writeros\core\__init__.py                                0      0   100%
src\writeros\core\logging.py                                13      1    92%   32
src\writeros\graphs\__init__.py                              0      0   100%
src\writeros\preprocessing\__init__.py                       4      0   100%
src\writeros\preprocessing\chunker.py                       78      7    91%   49, 106-108, 118, 134-135
src\writeros\preprocessing\cluster_semantic_chunker.py     155     46    70%   58-60, 83, 90, 93, 103-104, 156, 166-188, 194-197, 213-216, 252, 283, 385-406
src\writeros\preprocessing\unified_chunker.py              160     57    64%   41, 59-63, 74-75, 79, 101-104, 192, 197-200, 240-243, 251, 290-329, 337-351, 372-374, 404-405
src\writeros\rag\__init__.py                                 2      2     0%   1-3
src\writeros\rag\retriever.py                               74     74     0%   5-171
src\writeros\schema\__init__.py                             18      0   100%
src\writeros\schema\api.py                                  22      0   100%
src\writeros\schema\base.py                                 12      0   100%
src\writeros\schema\enums.py                               132      0   100%
src\writeros\schema\extended_universe.py                    90      0   100%
src\writeros\schema\graph.py                                16      0   100%
src\writeros\schema\identity.py                             41      0   100%
src\writeros\schema\library.py                              74      9    88%   51-61, 127
src\writeros\schema\logistics.py                            17      0   100%
src\writeros\schema\mechanics.py                            20      0   100%
src\writeros\schema\narrative.py                            19      0   100%
src\writeros\schema\project.py                              13      0   100%
src\writeros\schema\prose.py                                14      0   100%
src\writeros\schema\psychology.py                           37      0   100%
src\writeros\schema\session.py                              27      0   100%
src\writeros\schema\temporal_anchoring.py                   54      0   100%
src\writeros\schema\theme.py                                16      0   100%
src\writeros\schema\world.py                                80      0   100%
src\writeros\services\__init__.py                            0      0   100%
src\writeros\services\conflict_engine.py                    31     11    65%   48-64
src\writeros\tasks\__init__.py                               0      0   100%
src\writeros\utils\db.py                                   143     38    73%   17-23, 137, 141-148, 189, 202, 232-239, 251-252, 267, 279-284, 294, 313, 323, 336-346
src\writeros\utils\embeddings.py                            41      2    95%   34-35
src\writeros\utils\indexer.py                               81     14    83%   83-89, 114-116, 119, 141, 199, 201, 203, 207, 216, 220-221
src\writeros\utils\writer.py                               178    154    13%   17-29, 32-44, 47-49, 52, 55, 58-62, 67-89, 93-130, 135-194, 197-235, 238-266, 269-274, 278-366
--------------------------------------------------------------------------------------
TOTAL                                                     2943   1221    59%
Coverage HTML written to dir htmlcov
=========================== short test summary info ===========================
FAILED tests/integration/test_obsidian_plugin_e2e.py::TestObsidianPluginVaultAnalysis::test_full_vault_indexing_flow
FAILED tests/integration/test_obsidian_plugin_e2e.py::TestObsidianPluginDataPersistence::test_indexed_data_persists
================= 2 failed, 21 passed, 237 warnings in 14.86s =================
